<?xml version="1.0" encoding="UTF-8"?>
<testsuite xmlns:xsi="http://www.w3.org/2001/XMLSchema-instance" xsi:noNamespaceSchemaLocation="https://maven.apache.org/surefire/maven-surefire-plugin/xsd/surefire-test-report.xsd" name="com.wjw.SpringBootApplicationTest" time="0.01" tests="1" errors="0" skipped="0" failures="0">
  <properties>
    <property name="sun.desktop" value="windows"/>
    <property name="awt.toolkit" value="sun.awt.windows.WToolkit"/>
    <property name="file.encoding.pkg" value="sun.io"/>
    <property name="java.specification.version" value="1.8"/>
    <property name="sun.cpu.isalist" value="amd64"/>
    <property name="sun.jnu.encoding" value="GBK"/>
    <property name="java.class.path" value="D:\IdeaProject\foodies-dev\foodie-api\target\test-classes;D:\IdeaProject\foodies-dev\foodie-api\target\classes;D:\IdeaProject\foodies-dev\foodie-service\target\foodie-service-1.0-SNAPSHOT.jar;D:\IdeaProject\foodies-dev\foodie-mapper\target\foodie-mapper-1.0-SNAPSHOT.jar;D:\IdeaProject\foodies-dev\foodie-pojo\target\foodie-pojo-1.0-SNAPSHOT.jar;D:\IdeaProject\foodies-dev\foodie-common\target\foodie-common-1.0-SNAPSHOT.jar;D:\Java\LocalRepository\org\springframework\boot\spring-boot-starter\2.1.5.RELEASE\spring-boot-starter-2.1.5.RELEASE.jar;D:\Java\LocalRepository\org\springframework\boot\spring-boot\2.1.5.RELEASE\spring-boot-2.1.5.RELEASE.jar;D:\Java\LocalRepository\org\springframework\spring-context\5.1.7.RELEASE\spring-context-5.1.7.RELEASE.jar;D:\Java\LocalRepository\org\springframework\boot\spring-boot-autoconfigure\2.1.5.RELEASE\spring-boot-autoconfigure-2.1.5.RELEASE.jar;D:\Java\LocalRepository\org\springframework\boot\spring-boot-starter-logging\2.1.5.RELEASE\spring-boot-starter-logging-2.1.5.RELEASE.jar;D:\Java\LocalRepository\ch\qos\logback\logback-classic\1.2.3\logback-classic-1.2.3.jar;D:\Java\LocalRepository\ch\qos\logback\logback-core\1.2.3\logback-core-1.2.3.jar;D:\Java\LocalRepository\org\apache\logging\log4j\log4j-to-slf4j\2.11.2\log4j-to-slf4j-2.11.2.jar;D:\Java\LocalRepository\org\apache\logging\log4j\log4j-api\2.11.2\log4j-api-2.11.2.jar;D:\Java\LocalRepository\org\slf4j\jul-to-slf4j\1.7.26\jul-to-slf4j-1.7.26.jar;D:\Java\LocalRepository\javax\annotation\javax.annotation-api\1.3.2\javax.annotation-api-1.3.2.jar;D:\Java\LocalRepository\org\springframework\spring-core\5.1.7.RELEASE\spring-core-5.1.7.RELEASE.jar;D:\Java\LocalRepository\org\springframework\spring-jcl\5.1.7.RELEASE\spring-jcl-5.1.7.RELEASE.jar;D:\Java\LocalRepository\org\yaml\snakeyaml\1.23\snakeyaml-1.23.jar;D:\Java\LocalRepository\org\springframework\boot\spring-boot-starter-web\2.1.5.RELEASE\spring-boot-starter-web-2.1.5.RELEASE.jar;D:\Java\LocalRepository\org\springframework\boot\spring-boot-starter-json\2.1.5.RELEASE\spring-boot-starter-json-2.1.5.RELEASE.jar;D:\Java\LocalRepository\com\fasterxml\jackson\core\jackson-databind\2.9.8\jackson-databind-2.9.8.jar;D:\Java\LocalRepository\com\fasterxml\jackson\core\jackson-core\2.9.8\jackson-core-2.9.8.jar;D:\Java\LocalRepository\com\fasterxml\jackson\datatype\jackson-datatype-jdk8\2.9.8\jackson-datatype-jdk8-2.9.8.jar;D:\Java\LocalRepository\com\fasterxml\jackson\datatype\jackson-datatype-jsr310\2.9.8\jackson-datatype-jsr310-2.9.8.jar;D:\Java\LocalRepository\com\fasterxml\jackson\module\jackson-module-parameter-names\2.9.8\jackson-module-parameter-names-2.9.8.jar;D:\Java\LocalRepository\org\springframework\boot\spring-boot-starter-tomcat\2.1.5.RELEASE\spring-boot-starter-tomcat-2.1.5.RELEASE.jar;D:\Java\LocalRepository\org\apache\tomcat\embed\tomcat-embed-core\9.0.19\tomcat-embed-core-9.0.19.jar;D:\Java\LocalRepository\org\apache\tomcat\embed\tomcat-embed-el\9.0.19\tomcat-embed-el-9.0.19.jar;D:\Java\LocalRepository\org\apache\tomcat\embed\tomcat-embed-websocket\9.0.19\tomcat-embed-websocket-9.0.19.jar;D:\Java\LocalRepository\org\hibernate\validator\hibernate-validator\6.0.16.Final\hibernate-validator-6.0.16.Final.jar;D:\Java\LocalRepository\javax\validation\validation-api\2.0.1.Final\validation-api-2.0.1.Final.jar;D:\Java\LocalRepository\org\jboss\logging\jboss-logging\3.3.2.Final\jboss-logging-3.3.2.Final.jar;D:\Java\LocalRepository\org\springframework\spring-web\5.1.7.RELEASE\spring-web-5.1.7.RELEASE.jar;D:\Java\LocalRepository\org\springframework\spring-beans\5.1.7.RELEASE\spring-beans-5.1.7.RELEASE.jar;D:\Java\LocalRepository\org\springframework\spring-webmvc\5.1.7.RELEASE\spring-webmvc-5.1.7.RELEASE.jar;D:\Java\LocalRepository\org\springframework\spring-expression\5.1.7.RELEASE\spring-expression-5.1.7.RELEASE.jar;D:\Java\LocalRepository\org\springframework\boot\spring-boot-configuration-processor\2.1.5.RELEASE\spring-boot-configuration-processor-2.1.5.RELEASE.jar;D:\Java\LocalRepository\org\springframework\boot\spring-boot-starter-test\2.1.5.RELEASE\spring-boot-starter-test-2.1.5.RELEASE.jar;D:\Java\LocalRepository\org\springframework\boot\spring-boot-test\2.1.5.RELEASE\spring-boot-test-2.1.5.RELEASE.jar;D:\Java\LocalRepository\org\springframework\boot\spring-boot-test-autoconfigure\2.1.5.RELEASE\spring-boot-test-autoconfigure-2.1.5.RELEASE.jar;D:\Java\LocalRepository\com\jayway\jsonpath\json-path\2.4.0\json-path-2.4.0.jar;D:\Java\LocalRepository\net\minidev\json-smart\2.3\json-smart-2.3.jar;D:\Java\LocalRepository\net\minidev\accessors-smart\1.2\accessors-smart-1.2.jar;D:\Java\LocalRepository\org\ow2\asm\asm\5.0.4\asm-5.0.4.jar;D:\Java\LocalRepository\junit\junit\4.12\junit-4.12.jar;D:\Java\LocalRepository\org\assertj\assertj-core\3.11.1\assertj-core-3.11.1.jar;D:\Java\LocalRepository\org\mockito\mockito-core\2.23.4\mockito-core-2.23.4.jar;D:\Java\LocalRepository\net\bytebuddy\byte-buddy\1.9.12\byte-buddy-1.9.12.jar;D:\Java\LocalRepository\net\bytebuddy\byte-buddy-agent\1.9.12\byte-buddy-agent-1.9.12.jar;D:\Java\LocalRepository\org\objenesis\objenesis\2.6\objenesis-2.6.jar;D:\Java\LocalRepository\org\hamcrest\hamcrest-core\1.3\hamcrest-core-1.3.jar;D:\Java\LocalRepository\org\hamcrest\hamcrest-library\1.3\hamcrest-library-1.3.jar;D:\Java\LocalRepository\org\skyscreamer\jsonassert\1.5.0\jsonassert-1.5.0.jar;D:\Java\LocalRepository\com\vaadin\external\google\android-json\0.0.20131108.vaadin1\android-json-0.0.20131108.vaadin1.jar;D:\Java\LocalRepository\org\springframework\spring-test\5.1.7.RELEASE\spring-test-5.1.7.RELEASE.jar;D:\Java\LocalRepository\org\xmlunit\xmlunit-core\2.6.2\xmlunit-core-2.6.2.jar;D:\Java\LocalRepository\org\springframework\boot\spring-boot-starter-aop\2.1.5.RELEASE\spring-boot-starter-aop-2.1.5.RELEASE.jar;D:\Java\LocalRepository\org\springframework\spring-aop\5.1.7.RELEASE\spring-aop-5.1.7.RELEASE.jar;D:\Java\LocalRepository\org\aspectj\aspectjweaver\1.9.4\aspectjweaver-1.9.4.jar;D:\Java\LocalRepository\org\springframework\boot\spring-boot-devtools\2.1.5.RELEASE\spring-boot-devtools-2.1.5.RELEASE.jar;D:\Java\LocalRepository\mysql\mysql-connector-java\8.0.16\mysql-connector-java-8.0.16.jar;D:\Java\LocalRepository\org\mybatis\spring\boot\mybatis-spring-boot-starter\2.1.0\mybatis-spring-boot-starter-2.1.0.jar;D:\Java\LocalRepository\org\springframework\boot\spring-boot-starter-jdbc\2.1.5.RELEASE\spring-boot-starter-jdbc-2.1.5.RELEASE.jar;D:\Java\LocalRepository\com\zaxxer\HikariCP\3.2.0\HikariCP-3.2.0.jar;D:\Java\LocalRepository\org\springframework\spring-jdbc\5.1.7.RELEASE\spring-jdbc-5.1.7.RELEASE.jar;D:\Java\LocalRepository\org\springframework\spring-tx\5.1.7.RELEASE\spring-tx-5.1.7.RELEASE.jar;D:\Java\LocalRepository\org\mybatis\spring\boot\mybatis-spring-boot-autoconfigure\2.1.0\mybatis-spring-boot-autoconfigure-2.1.0.jar;D:\Java\LocalRepository\org\mybatis\mybatis\3.5.2\mybatis-3.5.2.jar;D:\Java\LocalRepository\org\mybatis\mybatis-spring\2.0.2\mybatis-spring-2.0.2.jar;D:\Java\LocalRepository\tk\mybatis\mapper-spring-boot-starter\2.1.5\mapper-spring-boot-starter-2.1.5.jar;D:\Java\LocalRepository\tk\mybatis\mapper-core\1.1.5\mapper-core-1.1.5.jar;D:\Java\LocalRepository\javax\persistence\persistence-api\1.0\persistence-api-1.0.jar;D:\Java\LocalRepository\tk\mybatis\mapper-base\1.1.5\mapper-base-1.1.5.jar;D:\Java\LocalRepository\tk\mybatis\mapper-weekend\1.1.5\mapper-weekend-1.1.5.jar;D:\Java\LocalRepository\tk\mybatis\mapper-spring\1.1.5\mapper-spring-1.1.5.jar;D:\Java\LocalRepository\tk\mybatis\mapper-extra\1.1.5\mapper-extra-1.1.5.jar;D:\Java\LocalRepository\tk\mybatis\mapper-spring-boot-autoconfigure\2.1.5\mapper-spring-boot-autoconfigure-2.1.5.jar;D:\Java\LocalRepository\com\github\pagehelper\pagehelper-spring-boot-starter\1.2.12\pagehelper-spring-boot-starter-1.2.12.jar;D:\Java\LocalRepository\com\github\pagehelper\pagehelper-spring-boot-autoconfigure\1.2.12\pagehelper-spring-boot-autoconfigure-1.2.12.jar;D:\Java\LocalRepository\com\github\pagehelper\pagehelper\5.1.10\pagehelper-5.1.10.jar;D:\Java\LocalRepository\com\github\jsqlparser\jsqlparser\2.0\jsqlparser-2.0.jar;D:\Java\LocalRepository\commons-codec\commons-codec\1.11\commons-codec-1.11.jar;D:\Java\LocalRepository\org\apache\commons\commons-lang3\3.4\commons-lang3-3.4.jar;D:\Java\LocalRepository\commons-io\commons-io\1.3.2\commons-io-1.3.2.jar;D:\Java\LocalRepository\io\springfox\springfox-swagger2\2.4.0\springfox-swagger2-2.4.0.jar;D:\Java\LocalRepository\io\swagger\swagger-annotations\1.5.6\swagger-annotations-1.5.6.jar;D:\Java\LocalRepository\io\swagger\swagger-models\1.5.6\swagger-models-1.5.6.jar;D:\Java\LocalRepository\com\fasterxml\jackson\core\jackson-annotations\2.9.0\jackson-annotations-2.9.0.jar;D:\Java\LocalRepository\io\springfox\springfox-spi\2.4.0\springfox-spi-2.4.0.jar;D:\Java\LocalRepository\io\springfox\springfox-core\2.4.0\springfox-core-2.4.0.jar;D:\Java\LocalRepository\io\springfox\springfox-schema\2.4.0\springfox-schema-2.4.0.jar;D:\Java\LocalRepository\io\springfox\springfox-swagger-common\2.4.0\springfox-swagger-common-2.4.0.jar;D:\Java\LocalRepository\io\springfox\springfox-spring-web\2.4.0\springfox-spring-web-2.4.0.jar;D:\Java\LocalRepository\com\google\guava\guava\18.0\guava-18.0.jar;D:\Java\LocalRepository\com\fasterxml\classmate\1.4.0\classmate-1.4.0.jar;D:\Java\LocalRepository\org\slf4j\slf4j-api\1.7.26\slf4j-api-1.7.26.jar;D:\Java\LocalRepository\org\springframework\plugin\spring-plugin-core\1.2.0.RELEASE\spring-plugin-core-1.2.0.RELEASE.jar;D:\Java\LocalRepository\org\springframework\plugin\spring-plugin-metadata\1.2.0.RELEASE\spring-plugin-metadata-1.2.0.RELEASE.jar;D:\Java\LocalRepository\io\springfox\springfox-swagger-ui\2.4.0\springfox-swagger-ui-2.4.0.jar;D:\Java\LocalRepository\com\github\xiaoymin\swagger-bootstrap-ui\1.6\swagger-bootstrap-ui-1.6.jar;D:\Java\LocalRepository\org\projectlombok\lombok\1.18.8\lombok-1.18.8.jar;"/>
    <property name="java.vm.vendor" value="Oracle Corporation"/>
    <property name="sun.arch.data.model" value="64"/>
    <property name="user.variant" value=""/>
    <property name="java.vendor.url" value="http://java.oracle.com/"/>
    <property name="user.timezone" value="Asia/Shanghai"/>
    <property name="java.vm.specification.version" value="1.8"/>
    <property name="os.name" value="Windows 10"/>
    <property name="user.country" value="CN"/>
    <property name="sun.java.launcher" value="SUN_STANDARD"/>
    <property name="sun.boot.library.path" value="C:\Program Files\Java\jdk1.8.0_201\jre\bin"/>
    <property name="sun.java.command" value="C:\Users\asus\AppData\Local\Temp\surefire4281412565857121196\surefirebooter2005166268810194464.jar C:\Users\asus\AppData\Local\Temp\surefire4281412565857121196 2020-05-25T22-33-39_414-jvmRun1 surefire5986956218508164734tmp surefire_02425590250726914818tmp"/>
    <property name="surefire.test.class.path" value="D:\IdeaProject\foodies-dev\foodie-api\target\test-classes;D:\IdeaProject\foodies-dev\foodie-api\target\classes;D:\IdeaProject\foodies-dev\foodie-service\target\foodie-service-1.0-SNAPSHOT.jar;D:\IdeaProject\foodies-dev\foodie-mapper\target\foodie-mapper-1.0-SNAPSHOT.jar;D:\IdeaProject\foodies-dev\foodie-pojo\target\foodie-pojo-1.0-SNAPSHOT.jar;D:\IdeaProject\foodies-dev\foodie-common\target\foodie-common-1.0-SNAPSHOT.jar;D:\Java\LocalRepository\org\springframework\boot\spring-boot-starter\2.1.5.RELEASE\spring-boot-starter-2.1.5.RELEASE.jar;D:\Java\LocalRepository\org\springframework\boot\spring-boot\2.1.5.RELEASE\spring-boot-2.1.5.RELEASE.jar;D:\Java\LocalRepository\org\springframework\spring-context\5.1.7.RELEASE\spring-context-5.1.7.RELEASE.jar;D:\Java\LocalRepository\org\springframework\boot\spring-boot-autoconfigure\2.1.5.RELEASE\spring-boot-autoconfigure-2.1.5.RELEASE.jar;D:\Java\LocalRepository\org\springframework\boot\spring-boot-starter-logging\2.1.5.RELEASE\spring-boot-starter-logging-2.1.5.RELEASE.jar;D:\Java\LocalRepository\ch\qos\logback\logback-classic\1.2.3\logback-classic-1.2.3.jar;D:\Java\LocalRepository\ch\qos\logback\logback-core\1.2.3\logback-core-1.2.3.jar;D:\Java\LocalRepository\org\apache\logging\log4j\log4j-to-slf4j\2.11.2\log4j-to-slf4j-2.11.2.jar;D:\Java\LocalRepository\org\apache\logging\log4j\log4j-api\2.11.2\log4j-api-2.11.2.jar;D:\Java\LocalRepository\org\slf4j\jul-to-slf4j\1.7.26\jul-to-slf4j-1.7.26.jar;D:\Java\LocalRepository\javax\annotation\javax.annotation-api\1.3.2\javax.annotation-api-1.3.2.jar;D:\Java\LocalRepository\org\springframework\spring-core\5.1.7.RELEASE\spring-core-5.1.7.RELEASE.jar;D:\Java\LocalRepository\org\springframework\spring-jcl\5.1.7.RELEASE\spring-jcl-5.1.7.RELEASE.jar;D:\Java\LocalRepository\org\yaml\snakeyaml\1.23\snakeyaml-1.23.jar;D:\Java\LocalRepository\org\springframework\boot\spring-boot-starter-web\2.1.5.RELEASE\spring-boot-starter-web-2.1.5.RELEASE.jar;D:\Java\LocalRepository\org\springframework\boot\spring-boot-starter-json\2.1.5.RELEASE\spring-boot-starter-json-2.1.5.RELEASE.jar;D:\Java\LocalRepository\com\fasterxml\jackson\core\jackson-databind\2.9.8\jackson-databind-2.9.8.jar;D:\Java\LocalRepository\com\fasterxml\jackson\core\jackson-core\2.9.8\jackson-core-2.9.8.jar;D:\Java\LocalRepository\com\fasterxml\jackson\datatype\jackson-datatype-jdk8\2.9.8\jackson-datatype-jdk8-2.9.8.jar;D:\Java\LocalRepository\com\fasterxml\jackson\datatype\jackson-datatype-jsr310\2.9.8\jackson-datatype-jsr310-2.9.8.jar;D:\Java\LocalRepository\com\fasterxml\jackson\module\jackson-module-parameter-names\2.9.8\jackson-module-parameter-names-2.9.8.jar;D:\Java\LocalRepository\org\springframework\boot\spring-boot-starter-tomcat\2.1.5.RELEASE\spring-boot-starter-tomcat-2.1.5.RELEASE.jar;D:\Java\LocalRepository\org\apache\tomcat\embed\tomcat-embed-core\9.0.19\tomcat-embed-core-9.0.19.jar;D:\Java\LocalRepository\org\apache\tomcat\embed\tomcat-embed-el\9.0.19\tomcat-embed-el-9.0.19.jar;D:\Java\LocalRepository\org\apache\tomcat\embed\tomcat-embed-websocket\9.0.19\tomcat-embed-websocket-9.0.19.jar;D:\Java\LocalRepository\org\hibernate\validator\hibernate-validator\6.0.16.Final\hibernate-validator-6.0.16.Final.jar;D:\Java\LocalRepository\javax\validation\validation-api\2.0.1.Final\validation-api-2.0.1.Final.jar;D:\Java\LocalRepository\org\jboss\logging\jboss-logging\3.3.2.Final\jboss-logging-3.3.2.Final.jar;D:\Java\LocalRepository\org\springframework\spring-web\5.1.7.RELEASE\spring-web-5.1.7.RELEASE.jar;D:\Java\LocalRepository\org\springframework\spring-beans\5.1.7.RELEASE\spring-beans-5.1.7.RELEASE.jar;D:\Java\LocalRepository\org\springframework\spring-webmvc\5.1.7.RELEASE\spring-webmvc-5.1.7.RELEASE.jar;D:\Java\LocalRepository\org\springframework\spring-expression\5.1.7.RELEASE\spring-expression-5.1.7.RELEASE.jar;D:\Java\LocalRepository\org\springframework\boot\spring-boot-configuration-processor\2.1.5.RELEASE\spring-boot-configuration-processor-2.1.5.RELEASE.jar;D:\Java\LocalRepository\org\springframework\boot\spring-boot-starter-test\2.1.5.RELEASE\spring-boot-starter-test-2.1.5.RELEASE.jar;D:\Java\LocalRepository\org\springframework\boot\spring-boot-test\2.1.5.RELEASE\spring-boot-test-2.1.5.RELEASE.jar;D:\Java\LocalRepository\org\springframework\boot\spring-boot-test-autoconfigure\2.1.5.RELEASE\spring-boot-test-autoconfigure-2.1.5.RELEASE.jar;D:\Java\LocalRepository\com\jayway\jsonpath\json-path\2.4.0\json-path-2.4.0.jar;D:\Java\LocalRepository\net\minidev\json-smart\2.3\json-smart-2.3.jar;D:\Java\LocalRepository\net\minidev\accessors-smart\1.2\accessors-smart-1.2.jar;D:\Java\LocalRepository\org\ow2\asm\asm\5.0.4\asm-5.0.4.jar;D:\Java\LocalRepository\junit\junit\4.12\junit-4.12.jar;D:\Java\LocalRepository\org\assertj\assertj-core\3.11.1\assertj-core-3.11.1.jar;D:\Java\LocalRepository\org\mockito\mockito-core\2.23.4\mockito-core-2.23.4.jar;D:\Java\LocalRepository\net\bytebuddy\byte-buddy\1.9.12\byte-buddy-1.9.12.jar;D:\Java\LocalRepository\net\bytebuddy\byte-buddy-agent\1.9.12\byte-buddy-agent-1.9.12.jar;D:\Java\LocalRepository\org\objenesis\objenesis\2.6\objenesis-2.6.jar;D:\Java\LocalRepository\org\hamcrest\hamcrest-core\1.3\hamcrest-core-1.3.jar;D:\Java\LocalRepository\org\hamcrest\hamcrest-library\1.3\hamcrest-library-1.3.jar;D:\Java\LocalRepository\org\skyscreamer\jsonassert\1.5.0\jsonassert-1.5.0.jar;D:\Java\LocalRepository\com\vaadin\external\google\android-json\0.0.20131108.vaadin1\android-json-0.0.20131108.vaadin1.jar;D:\Java\LocalRepository\org\springframework\spring-test\5.1.7.RELEASE\spring-test-5.1.7.RELEASE.jar;D:\Java\LocalRepository\org\xmlunit\xmlunit-core\2.6.2\xmlunit-core-2.6.2.jar;D:\Java\LocalRepository\org\springframework\boot\spring-boot-starter-aop\2.1.5.RELEASE\spring-boot-starter-aop-2.1.5.RELEASE.jar;D:\Java\LocalRepository\org\springframework\spring-aop\5.1.7.RELEASE\spring-aop-5.1.7.RELEASE.jar;D:\Java\LocalRepository\org\aspectj\aspectjweaver\1.9.4\aspectjweaver-1.9.4.jar;D:\Java\LocalRepository\org\springframework\boot\spring-boot-devtools\2.1.5.RELEASE\spring-boot-devtools-2.1.5.RELEASE.jar;D:\Java\LocalRepository\mysql\mysql-connector-java\8.0.16\mysql-connector-java-8.0.16.jar;D:\Java\LocalRepository\org\mybatis\spring\boot\mybatis-spring-boot-starter\2.1.0\mybatis-spring-boot-starter-2.1.0.jar;D:\Java\LocalRepository\org\springframework\boot\spring-boot-starter-jdbc\2.1.5.RELEASE\spring-boot-starter-jdbc-2.1.5.RELEASE.jar;D:\Java\LocalRepository\com\zaxxer\HikariCP\3.2.0\HikariCP-3.2.0.jar;D:\Java\LocalRepository\org\springframework\spring-jdbc\5.1.7.RELEASE\spring-jdbc-5.1.7.RELEASE.jar;D:\Java\LocalRepository\org\springframework\spring-tx\5.1.7.RELEASE\spring-tx-5.1.7.RELEASE.jar;D:\Java\LocalRepository\org\mybatis\spring\boot\mybatis-spring-boot-autoconfigure\2.1.0\mybatis-spring-boot-autoconfigure-2.1.0.jar;D:\Java\LocalRepository\org\mybatis\mybatis\3.5.2\mybatis-3.5.2.jar;D:\Java\LocalRepository\org\mybatis\mybatis-spring\2.0.2\mybatis-spring-2.0.2.jar;D:\Java\LocalRepository\tk\mybatis\mapper-spring-boot-starter\2.1.5\mapper-spring-boot-starter-2.1.5.jar;D:\Java\LocalRepository\tk\mybatis\mapper-core\1.1.5\mapper-core-1.1.5.jar;D:\Java\LocalRepository\javax\persistence\persistence-api\1.0\persistence-api-1.0.jar;D:\Java\LocalRepository\tk\mybatis\mapper-base\1.1.5\mapper-base-1.1.5.jar;D:\Java\LocalRepository\tk\mybatis\mapper-weekend\1.1.5\mapper-weekend-1.1.5.jar;D:\Java\LocalRepository\tk\mybatis\mapper-spring\1.1.5\mapper-spring-1.1.5.jar;D:\Java\LocalRepository\tk\mybatis\mapper-extra\1.1.5\mapper-extra-1.1.5.jar;D:\Java\LocalRepository\tk\mybatis\mapper-spring-boot-autoconfigure\2.1.5\mapper-spring-boot-autoconfigure-2.1.5.jar;D:\Java\LocalRepository\com\github\pagehelper\pagehelper-spring-boot-starter\1.2.12\pagehelper-spring-boot-starter-1.2.12.jar;D:\Java\LocalRepository\com\github\pagehelper\pagehelper-spring-boot-autoconfigure\1.2.12\pagehelper-spring-boot-autoconfigure-1.2.12.jar;D:\Java\LocalRepository\com\github\pagehelper\pagehelper\5.1.10\pagehelper-5.1.10.jar;D:\Java\LocalRepository\com\github\jsqlparser\jsqlparser\2.0\jsqlparser-2.0.jar;D:\Java\LocalRepository\commons-codec\commons-codec\1.11\commons-codec-1.11.jar;D:\Java\LocalRepository\org\apache\commons\commons-lang3\3.4\commons-lang3-3.4.jar;D:\Java\LocalRepository\commons-io\commons-io\1.3.2\commons-io-1.3.2.jar;D:\Java\LocalRepository\io\springfox\springfox-swagger2\2.4.0\springfox-swagger2-2.4.0.jar;D:\Java\LocalRepository\io\swagger\swagger-annotations\1.5.6\swagger-annotations-1.5.6.jar;D:\Java\LocalRepository\io\swagger\swagger-models\1.5.6\swagger-models-1.5.6.jar;D:\Java\LocalRepository\com\fasterxml\jackson\core\jackson-annotations\2.9.0\jackson-annotations-2.9.0.jar;D:\Java\LocalRepository\io\springfox\springfox-spi\2.4.0\springfox-spi-2.4.0.jar;D:\Java\LocalRepository\io\springfox\springfox-core\2.4.0\springfox-core-2.4.0.jar;D:\Java\LocalRepository\io\springfox\springfox-schema\2.4.0\springfox-schema-2.4.0.jar;D:\Java\LocalRepository\io\springfox\springfox-swagger-common\2.4.0\springfox-swagger-common-2.4.0.jar;D:\Java\LocalRepository\io\springfox\springfox-spring-web\2.4.0\springfox-spring-web-2.4.0.jar;D:\Java\LocalRepository\com\google\guava\guava\18.0\guava-18.0.jar;D:\Java\LocalRepository\com\fasterxml\classmate\1.4.0\classmate-1.4.0.jar;D:\Java\LocalRepository\org\slf4j\slf4j-api\1.7.26\slf4j-api-1.7.26.jar;D:\Java\LocalRepository\org\springframework\plugin\spring-plugin-core\1.2.0.RELEASE\spring-plugin-core-1.2.0.RELEASE.jar;D:\Java\LocalRepository\org\springframework\plugin\spring-plugin-metadata\1.2.0.RELEASE\spring-plugin-metadata-1.2.0.RELEASE.jar;D:\Java\LocalRepository\io\springfox\springfox-swagger-ui\2.4.0\springfox-swagger-ui-2.4.0.jar;D:\Java\LocalRepository\com\github\xiaoymin\swagger-bootstrap-ui\1.6\swagger-bootstrap-ui-1.6.jar;D:\Java\LocalRepository\org\projectlombok\lombok\1.18.8\lombok-1.18.8.jar;"/>
    <property name="sun.cpu.endian" value="little"/>
    <property name="user.home" value="C:\Users\asus"/>
    <property name="user.language" value="zh"/>
    <property name="java.specification.vendor" value="Oracle Corporation"/>
    <property name="java.home" value="C:\Program Files\Java\jdk1.8.0_201\jre"/>
    <property name="basedir" value="D:\IdeaProject\foodies-dev\foodie-api"/>
    <property name="file.separator" value="\"/>
    <property name="line.separator" value="&#10;"/>
    <property name="java.vm.specification.vendor" value="Oracle Corporation"/>
    <property name="java.specification.name" value="Java Platform API Specification"/>
    <property name="java.awt.graphicsenv" value="sun.awt.Win32GraphicsEnvironment"/>
    <property name="surefire.real.class.path" value="C:\Users\asus\AppData\Local\Temp\surefire4281412565857121196\surefirebooter2005166268810194464.jar"/>
    <property name="sun.boot.class.path" value="C:\Program Files\Java\jdk1.8.0_201\jre\lib\resources.jar;C:\Program Files\Java\jdk1.8.0_201\jre\lib\rt.jar;C:\Program Files\Java\jdk1.8.0_201\jre\lib\sunrsasign.jar;C:\Program Files\Java\jdk1.8.0_201\jre\lib\jsse.jar;C:\Program Files\Java\jdk1.8.0_201\jre\lib\jce.jar;C:\Program Files\Java\jdk1.8.0_201\jre\lib\charsets.jar;C:\Program Files\Java\jdk1.8.0_201\jre\lib\jfr.jar;C:\Program Files\Java\jdk1.8.0_201\jre\classes"/>
    <property name="user.script" value=""/>
    <property name="sun.management.compiler" value="HotSpot 64-Bit Tiered Compilers"/>
    <property name="java.runtime.version" value="1.8.0_201-b09"/>
    <property name="user.name" value="asus"/>
    <property name="path.separator" value=";"/>
    <property name="os.version" value="10.0"/>
    <property name="java.endorsed.dirs" value="C:\Program Files\Java\jdk1.8.0_201\jre\lib\endorsed"/>
    <property name="java.runtime.name" value="Java(TM) SE Runtime Environment"/>
    <property name="file.encoding" value="GBK"/>
    <property name="java.vm.name" value="Java HotSpot(TM) 64-Bit Server VM"/>
    <property name="idea.version2020.1" value="true"/>
    <property name="localRepository" value="D:\Java\LocalRepository"/>
    <property name="java.vendor.url.bug" value="http://bugreport.sun.com/bugreport/"/>
    <property name="java.io.tmpdir" value="C:\Users\asus\AppData\Local\Temp\"/>
    <property name="java.version" value="1.8.0_201"/>
    <property name="user.dir" value="D:\IdeaProject\foodies-dev\foodie-api"/>
    <property name="os.arch" value="amd64"/>
    <property name="java.vm.specification.name" value="Java Virtual Machine Specification"/>
    <property name="java.awt.printerjob" value="sun.awt.windows.WPrinterJob"/>
    <property name="sun.os.patch.level" value=""/>
    <property name="java.library.path" value="C:\Program Files\Java\jdk1.8.0_201\jre\bin;C:\WINDOWS\Sun\Java\bin;C:\WINDOWS\system32;C:\WINDOWS;C:\Python27\;C:\Python27\Scripts;C:\Program Files\MySQL\MySQL Server 5.7\bin;C:\Program Files\Java\jdk1.8.0_201\bin;D:\软件\apache-tomcat-8.5.31\bin;C;\Program Files (x86)\Common Files\Oracle\Java\javapath;C:\Program Files (x86)\Common Files\Intel\Shared Libraries\redist\intel64\compiler;C:\Program Files (x86)\Intel\iCLS Client\;C:\Program Files\Intel\iCLS Client\;C:\Windows\system32;C:\Windows;C:\Windows\System32\Wbem;C:\Windows\System32\WindowsPowerShell\v1.0\;C:\Program Files (x86)\Intel\Intel(R) Management Engine Components\DAL;C:\Program Files\Intel\Intel(R) Management Engine Components\DAL;C:\Program Files (x86)\Intel\Intel(R) Management Engine Components\IPT;C:\Program Files\Intel\Intel(R) Management Engine Components\IPT;C:\Program Files (x86)\NVIDIA Corporation\PhysX\Common;C:\WINDOWS\system32;C:\WINDOWS;C:\WINDOWS\System32\Wbem;C:\WINDOWS\System32\WindowsPowerShell\v1.0\;C:\WINDOWS\System32\OpenSSH\;C:\Android;%JAVA_HOME\jre\bin%;D:\MongoDB\Server\3.4\bin;C:\Program Files\NVIDIA Corporation\NVIDIA NvDLISR;D:\Java\apache-maven-3.5.4\bin;D:\ShiXunStudies\;C:\WINDOWS\system32;C:\WINDOWS;C:\WINDOWS\System32\Wbem;C:\WINDOWS\System32\WindowsPowerShell\v1.0\;C:\WINDOWS\System32\OpenSSH\;D:\Java\Git\cmd;D:\Java\TortoiseGit\bin;D:\Java\hugo\hugo_0.57.0_Windows-64bit;D:\Java\SVN\bin;C:\Users\asus\AppData\Local\Programs\Python\Python37\Scripts;C:\Users\asus\.gradle\wrapper\dists\gradle-5.1.1-all\97z1ksx6lirer3kbvdnh7jtjg\gradle-5.1.1\bin;D:\Tool\nodejs\;C:\ProgramData\chocolatey\bin;D:\Tool\go\bin;C:\Users\asus\AppData\Local\Programs\Python\Python37\Scripts\;C:\Users\asus\AppData\Local\Programs\Python\Python37\;C:\Users\asus\AppData\Local\Microsoft\WindowsApps;D:\软件\Bandizip\;C:\Users\asus\AppData\Local\GitHubDesktop\bin;D:\Tool\Fiddler;C:\Users\asus\AppData\Roaming\npm;C:\Program Files\JetBrains\GoLand 2019.1.4\bin;;C:\Users\asus\AppData\Local\Programs\Microsoft VS Code\bin;."/>
    <property name="java.vm.info" value="mixed mode"/>
    <property name="java.vendor" value="Oracle Corporation"/>
    <property name="java.vm.version" value="25.201-b09"/>
    <property name="java.ext.dirs" value="C:\Program Files\Java\jdk1.8.0_201\jre\lib\ext;C:\WINDOWS\Sun\Java\lib\ext"/>
    <property name="sun.io.unicode.encoding" value="UnicodeLittle"/>
    <property name="maven.repo.local" value="D:\Java\LocalRepository"/>
    <property name="java.class.version" value="52.0"/>
  </properties>
  <testcase name="contextLoads" classname="com.wjw.SpringBootApplicationTest" time="0"/>
</testsuite>