<?xml version="1.0" encoding="UTF-8"?>
<testsuite xmlns:xsi="http://www.w3.org/2001/XMLSchema-instance" xsi:noNamespaceSchemaLocation="https://maven.apache.org/surefire/maven-surefire-plugin/xsd/surefire-test-report.xsd" name="com.wjw.impl.StuServiceImplTest" time="11.374" tests="2" errors="1" skipped="0" failures="0">
  <properties>
    <property name="sun.desktop" value="windows"/>
    <property name="awt.toolkit" value="sun.awt.windows.WToolkit"/>
    <property name="file.encoding.pkg" value="sun.io"/>
    <property name="java.specification.version" value="1.8"/>
    <property name="sun.cpu.isalist" value="amd64"/>
    <property name="sun.jnu.encoding" value="GBK"/>
    <property name="java.class.path" value="D:\IdeaProject\foodies-dev\foodie-api\target\test-classes;D:\IdeaProject\foodies-dev\foodie-api\target\classes;D:\IdeaProject\foodies-dev\foodie-service\target\foodie-service-1.0-SNAPSHOT.jar;D:\IdeaProject\foodies-dev\foodie-mapper\target\foodie-mapper-1.0-SNAPSHOT.jar;D:\IdeaProject\foodies-dev\foodie-pojo\target\foodie-pojo-1.0-SNAPSHOT.jar;D:\IdeaProject\foodies-dev\foodie-common\target\foodie-common-1.0-SNAPSHOT.jar;D:\Java\LocalRepository\org\springframework\boot\spring-boot-starter\2.1.5.RELEASE\spring-boot-starter-2.1.5.RELEASE.jar;D:\Java\LocalRepository\org\springframework\boot\spring-boot\2.1.5.RELEASE\spring-boot-2.1.5.RELEASE.jar;D:\Java\LocalRepository\org\springframework\spring-context\5.1.7.RELEASE\spring-context-5.1.7.RELEASE.jar;D:\Java\LocalRepository\org\springframework\boot\spring-boot-autoconfigure\2.1.5.RELEASE\spring-boot-autoconfigure-2.1.5.RELEASE.jar;D:\Java\LocalRepository\org\springframework\boot\spring-boot-starter-logging\2.1.5.RELEASE\spring-boot-starter-logging-2.1.5.RELEASE.jar;D:\Java\LocalRepository\ch\qos\logback\logback-classic\1.2.3\logback-classic-1.2.3.jar;D:\Java\LocalRepository\ch\qos\logback\logback-core\1.2.3\logback-core-1.2.3.jar;D:\Java\LocalRepository\org\apache\logging\log4j\log4j-to-slf4j\2.11.2\log4j-to-slf4j-2.11.2.jar;D:\Java\LocalRepository\org\apache\logging\log4j\log4j-api\2.11.2\log4j-api-2.11.2.jar;D:\Java\LocalRepository\org\slf4j\jul-to-slf4j\1.7.26\jul-to-slf4j-1.7.26.jar;D:\Java\LocalRepository\javax\annotation\javax.annotation-api\1.3.2\javax.annotation-api-1.3.2.jar;D:\Java\LocalRepository\org\springframework\spring-core\5.1.7.RELEASE\spring-core-5.1.7.RELEASE.jar;D:\Java\LocalRepository\org\springframework\spring-jcl\5.1.7.RELEASE\spring-jcl-5.1.7.RELEASE.jar;D:\Java\LocalRepository\org\yaml\snakeyaml\1.23\snakeyaml-1.23.jar;D:\Java\LocalRepository\org\springframework\boot\spring-boot-starter-web\2.1.5.RELEASE\spring-boot-starter-web-2.1.5.RELEASE.jar;D:\Java\LocalRepository\org\springframework\boot\spring-boot-starter-json\2.1.5.RELEASE\spring-boot-starter-json-2.1.5.RELEASE.jar;D:\Java\LocalRepository\com\fasterxml\jackson\core\jackson-databind\2.9.8\jackson-databind-2.9.8.jar;D:\Java\LocalRepository\com\fasterxml\jackson\core\jackson-core\2.9.8\jackson-core-2.9.8.jar;D:\Java\LocalRepository\com\fasterxml\jackson\datatype\jackson-datatype-jdk8\2.9.8\jackson-datatype-jdk8-2.9.8.jar;D:\Java\LocalRepository\com\fasterxml\jackson\datatype\jackson-datatype-jsr310\2.9.8\jackson-datatype-jsr310-2.9.8.jar;D:\Java\LocalRepository\com\fasterxml\jackson\module\jackson-module-parameter-names\2.9.8\jackson-module-parameter-names-2.9.8.jar;D:\Java\LocalRepository\org\springframework\boot\spring-boot-starter-tomcat\2.1.5.RELEASE\spring-boot-starter-tomcat-2.1.5.RELEASE.jar;D:\Java\LocalRepository\org\apache\tomcat\embed\tomcat-embed-core\9.0.19\tomcat-embed-core-9.0.19.jar;D:\Java\LocalRepository\org\apache\tomcat\embed\tomcat-embed-el\9.0.19\tomcat-embed-el-9.0.19.jar;D:\Java\LocalRepository\org\apache\tomcat\embed\tomcat-embed-websocket\9.0.19\tomcat-embed-websocket-9.0.19.jar;D:\Java\LocalRepository\org\hibernate\validator\hibernate-validator\6.0.16.Final\hibernate-validator-6.0.16.Final.jar;D:\Java\LocalRepository\javax\validation\validation-api\2.0.1.Final\validation-api-2.0.1.Final.jar;D:\Java\LocalRepository\org\jboss\logging\jboss-logging\3.3.2.Final\jboss-logging-3.3.2.Final.jar;D:\Java\LocalRepository\org\springframework\spring-web\5.1.7.RELEASE\spring-web-5.1.7.RELEASE.jar;D:\Java\LocalRepository\org\springframework\spring-beans\5.1.7.RELEASE\spring-beans-5.1.7.RELEASE.jar;D:\Java\LocalRepository\org\springframework\spring-webmvc\5.1.7.RELEASE\spring-webmvc-5.1.7.RELEASE.jar;D:\Java\LocalRepository\org\springframework\spring-aop\5.1.7.RELEASE\spring-aop-5.1.7.RELEASE.jar;D:\Java\LocalRepository\org\springframework\spring-expression\5.1.7.RELEASE\spring-expression-5.1.7.RELEASE.jar;D:\Java\LocalRepository\org\springframework\boot\spring-boot-configuration-processor\2.1.5.RELEASE\spring-boot-configuration-processor-2.1.5.RELEASE.jar;D:\Java\LocalRepository\org\springframework\boot\spring-boot-starter-test\2.1.5.RELEASE\spring-boot-starter-test-2.1.5.RELEASE.jar;D:\Java\LocalRepository\org\springframework\boot\spring-boot-test\2.1.5.RELEASE\spring-boot-test-2.1.5.RELEASE.jar;D:\Java\LocalRepository\org\springframework\boot\spring-boot-test-autoconfigure\2.1.5.RELEASE\spring-boot-test-autoconfigure-2.1.5.RELEASE.jar;D:\Java\LocalRepository\com\jayway\jsonpath\json-path\2.4.0\json-path-2.4.0.jar;D:\Java\LocalRepository\net\minidev\json-smart\2.3\json-smart-2.3.jar;D:\Java\LocalRepository\net\minidev\accessors-smart\1.2\accessors-smart-1.2.jar;D:\Java\LocalRepository\org\ow2\asm\asm\5.0.4\asm-5.0.4.jar;D:\Java\LocalRepository\junit\junit\4.12\junit-4.12.jar;D:\Java\LocalRepository\org\assertj\assertj-core\3.11.1\assertj-core-3.11.1.jar;D:\Java\LocalRepository\org\mockito\mockito-core\2.23.4\mockito-core-2.23.4.jar;D:\Java\LocalRepository\net\bytebuddy\byte-buddy\1.9.12\byte-buddy-1.9.12.jar;D:\Java\LocalRepository\net\bytebuddy\byte-buddy-agent\1.9.12\byte-buddy-agent-1.9.12.jar;D:\Java\LocalRepository\org\objenesis\objenesis\2.6\objenesis-2.6.jar;D:\Java\LocalRepository\org\hamcrest\hamcrest-core\1.3\hamcrest-core-1.3.jar;D:\Java\LocalRepository\org\hamcrest\hamcrest-library\1.3\hamcrest-library-1.3.jar;D:\Java\LocalRepository\org\skyscreamer\jsonassert\1.5.0\jsonassert-1.5.0.jar;D:\Java\LocalRepository\com\vaadin\external\google\android-json\0.0.20131108.vaadin1\android-json-0.0.20131108.vaadin1.jar;D:\Java\LocalRepository\org\springframework\spring-test\5.1.7.RELEASE\spring-test-5.1.7.RELEASE.jar;D:\Java\LocalRepository\org\xmlunit\xmlunit-core\2.6.2\xmlunit-core-2.6.2.jar;D:\Java\LocalRepository\mysql\mysql-connector-java\8.0.16\mysql-connector-java-8.0.16.jar;D:\Java\LocalRepository\org\mybatis\spring\boot\mybatis-spring-boot-starter\2.1.0\mybatis-spring-boot-starter-2.1.0.jar;D:\Java\LocalRepository\org\springframework\boot\spring-boot-starter-jdbc\2.1.5.RELEASE\spring-boot-starter-jdbc-2.1.5.RELEASE.jar;D:\Java\LocalRepository\com\zaxxer\HikariCP\3.2.0\HikariCP-3.2.0.jar;D:\Java\LocalRepository\org\springframework\spring-jdbc\5.1.7.RELEASE\spring-jdbc-5.1.7.RELEASE.jar;D:\Java\LocalRepository\org\springframework\spring-tx\5.1.7.RELEASE\spring-tx-5.1.7.RELEASE.jar;D:\Java\LocalRepository\org\mybatis\spring\boot\mybatis-spring-boot-autoconfigure\2.1.0\mybatis-spring-boot-autoconfigure-2.1.0.jar;D:\Java\LocalRepository\org\mybatis\mybatis\3.5.2\mybatis-3.5.2.jar;D:\Java\LocalRepository\org\mybatis\mybatis-spring\2.0.2\mybatis-spring-2.0.2.jar;D:\Java\LocalRepository\tk\mybatis\mapper-spring-boot-starter\2.1.5\mapper-spring-boot-starter-2.1.5.jar;D:\Java\LocalRepository\tk\mybatis\mapper-core\1.1.5\mapper-core-1.1.5.jar;D:\Java\LocalRepository\javax\persistence\persistence-api\1.0\persistence-api-1.0.jar;D:\Java\LocalRepository\tk\mybatis\mapper-base\1.1.5\mapper-base-1.1.5.jar;D:\Java\LocalRepository\tk\mybatis\mapper-weekend\1.1.5\mapper-weekend-1.1.5.jar;D:\Java\LocalRepository\tk\mybatis\mapper-spring\1.1.5\mapper-spring-1.1.5.jar;D:\Java\LocalRepository\tk\mybatis\mapper-extra\1.1.5\mapper-extra-1.1.5.jar;D:\Java\LocalRepository\tk\mybatis\mapper-spring-boot-autoconfigure\2.1.5\mapper-spring-boot-autoconfigure-2.1.5.jar;D:\Java\LocalRepository\org\slf4j\slf4j-api\1.7.21\slf4j-api-1.7.21.jar;D:\Java\LocalRepository\org\slf4j\slf4j-log4j12\1.7.21\slf4j-log4j12-1.7.21.jar;D:\Java\LocalRepository\log4j\log4j\1.2.17\log4j-1.2.17.jar;D:\Java\LocalRepository\commons-codec\commons-codec\1.11\commons-codec-1.11.jar;D:\Java\LocalRepository\org\apache\commons\commons-lang3\3.4\commons-lang3-3.4.jar;D:\Java\LocalRepository\commons-io\commons-io\1.3.2\commons-io-1.3.2.jar;D:\Java\LocalRepository\io\springfox\springfox-swagger2\2.4.0\springfox-swagger2-2.4.0.jar;D:\Java\LocalRepository\io\swagger\swagger-annotations\1.5.6\swagger-annotations-1.5.6.jar;D:\Java\LocalRepository\io\swagger\swagger-models\1.5.6\swagger-models-1.5.6.jar;D:\Java\LocalRepository\com\fasterxml\jackson\core\jackson-annotations\2.9.0\jackson-annotations-2.9.0.jar;D:\Java\LocalRepository\io\springfox\springfox-spi\2.4.0\springfox-spi-2.4.0.jar;D:\Java\LocalRepository\io\springfox\springfox-core\2.4.0\springfox-core-2.4.0.jar;D:\Java\LocalRepository\io\springfox\springfox-schema\2.4.0\springfox-schema-2.4.0.jar;D:\Java\LocalRepository\io\springfox\springfox-swagger-common\2.4.0\springfox-swagger-common-2.4.0.jar;D:\Java\LocalRepository\io\springfox\springfox-spring-web\2.4.0\springfox-spring-web-2.4.0.jar;D:\Java\LocalRepository\com\google\guava\guava\18.0\guava-18.0.jar;D:\Java\LocalRepository\com\fasterxml\classmate\1.4.0\classmate-1.4.0.jar;D:\Java\LocalRepository\org\springframework\plugin\spring-plugin-core\1.2.0.RELEASE\spring-plugin-core-1.2.0.RELEASE.jar;D:\Java\LocalRepository\org\springframework\plugin\spring-plugin-metadata\1.2.0.RELEASE\spring-plugin-metadata-1.2.0.RELEASE.jar;D:\Java\LocalRepository\io\springfox\springfox-swagger-ui\2.4.0\springfox-swagger-ui-2.4.0.jar;D:\Java\LocalRepository\com\github\xiaoymin\swagger-bootstrap-ui\1.6\swagger-bootstrap-ui-1.6.jar;"/>
    <property name="java.vm.vendor" value="Oracle Corporation"/>
    <property name="sun.arch.data.model" value="64"/>
    <property name="user.variant" value=""/>
    <property name="java.vendor.url" value="http://java.oracle.com/"/>
    <property name="user.timezone" value="Asia/Shanghai"/>
    <property name="java.vm.specification.version" value="1.8"/>
    <property name="os.name" value="Windows 10"/>
    <property name="user.country" value="CN"/>
    <property name="sun.java.launcher" value="SUN_STANDARD"/>
    <property name="sun.boot.library.path" value="C:\Program Files\Java\jdk1.8.0_201\jre\bin"/>
    <property name="sun.java.command" value="C:\Users\asus\AppData\Local\Temp\surefire7617360631763441117\surefirebooter2807028734360592576.jar C:\Users\asus\AppData\Local\Temp\surefire7617360631763441117 2020-04-26T20-58-29_839-jvmRun1 surefire5175984046344795570tmp surefire_01446963400327124895tmp"/>
    <property name="surefire.test.class.path" value="D:\IdeaProject\foodies-dev\foodie-api\target\test-classes;D:\IdeaProject\foodies-dev\foodie-api\target\classes;D:\IdeaProject\foodies-dev\foodie-service\target\foodie-service-1.0-SNAPSHOT.jar;D:\IdeaProject\foodies-dev\foodie-mapper\target\foodie-mapper-1.0-SNAPSHOT.jar;D:\IdeaProject\foodies-dev\foodie-pojo\target\foodie-pojo-1.0-SNAPSHOT.jar;D:\IdeaProject\foodies-dev\foodie-common\target\foodie-common-1.0-SNAPSHOT.jar;D:\Java\LocalRepository\org\springframework\boot\spring-boot-starter\2.1.5.RELEASE\spring-boot-starter-2.1.5.RELEASE.jar;D:\Java\LocalRepository\org\springframework\boot\spring-boot\2.1.5.RELEASE\spring-boot-2.1.5.RELEASE.jar;D:\Java\LocalRepository\org\springframework\spring-context\5.1.7.RELEASE\spring-context-5.1.7.RELEASE.jar;D:\Java\LocalRepository\org\springframework\boot\spring-boot-autoconfigure\2.1.5.RELEASE\spring-boot-autoconfigure-2.1.5.RELEASE.jar;D:\Java\LocalRepository\org\springframework\boot\spring-boot-starter-logging\2.1.5.RELEASE\spring-boot-starter-logging-2.1.5.RELEASE.jar;D:\Java\LocalRepository\ch\qos\logback\logback-classic\1.2.3\logback-classic-1.2.3.jar;D:\Java\LocalRepository\ch\qos\logback\logback-core\1.2.3\logback-core-1.2.3.jar;D:\Java\LocalRepository\org\apache\logging\log4j\log4j-to-slf4j\2.11.2\log4j-to-slf4j-2.11.2.jar;D:\Java\LocalRepository\org\apache\logging\log4j\log4j-api\2.11.2\log4j-api-2.11.2.jar;D:\Java\LocalRepository\org\slf4j\jul-to-slf4j\1.7.26\jul-to-slf4j-1.7.26.jar;D:\Java\LocalRepository\javax\annotation\javax.annotation-api\1.3.2\javax.annotation-api-1.3.2.jar;D:\Java\LocalRepository\org\springframework\spring-core\5.1.7.RELEASE\spring-core-5.1.7.RELEASE.jar;D:\Java\LocalRepository\org\springframework\spring-jcl\5.1.7.RELEASE\spring-jcl-5.1.7.RELEASE.jar;D:\Java\LocalRepository\org\yaml\snakeyaml\1.23\snakeyaml-1.23.jar;D:\Java\LocalRepository\org\springframework\boot\spring-boot-starter-web\2.1.5.RELEASE\spring-boot-starter-web-2.1.5.RELEASE.jar;D:\Java\LocalRepository\org\springframework\boot\spring-boot-starter-json\2.1.5.RELEASE\spring-boot-starter-json-2.1.5.RELEASE.jar;D:\Java\LocalRepository\com\fasterxml\jackson\core\jackson-databind\2.9.8\jackson-databind-2.9.8.jar;D:\Java\LocalRepository\com\fasterxml\jackson\core\jackson-core\2.9.8\jackson-core-2.9.8.jar;D:\Java\LocalRepository\com\fasterxml\jackson\datatype\jackson-datatype-jdk8\2.9.8\jackson-datatype-jdk8-2.9.8.jar;D:\Java\LocalRepository\com\fasterxml\jackson\datatype\jackson-datatype-jsr310\2.9.8\jackson-datatype-jsr310-2.9.8.jar;D:\Java\LocalRepository\com\fasterxml\jackson\module\jackson-module-parameter-names\2.9.8\jackson-module-parameter-names-2.9.8.jar;D:\Java\LocalRepository\org\springframework\boot\spring-boot-starter-tomcat\2.1.5.RELEASE\spring-boot-starter-tomcat-2.1.5.RELEASE.jar;D:\Java\LocalRepository\org\apache\tomcat\embed\tomcat-embed-core\9.0.19\tomcat-embed-core-9.0.19.jar;D:\Java\LocalRepository\org\apache\tomcat\embed\tomcat-embed-el\9.0.19\tomcat-embed-el-9.0.19.jar;D:\Java\LocalRepository\org\apache\tomcat\embed\tomcat-embed-websocket\9.0.19\tomcat-embed-websocket-9.0.19.jar;D:\Java\LocalRepository\org\hibernate\validator\hibernate-validator\6.0.16.Final\hibernate-validator-6.0.16.Final.jar;D:\Java\LocalRepository\javax\validation\validation-api\2.0.1.Final\validation-api-2.0.1.Final.jar;D:\Java\LocalRepository\org\jboss\logging\jboss-logging\3.3.2.Final\jboss-logging-3.3.2.Final.jar;D:\Java\LocalRepository\org\springframework\spring-web\5.1.7.RELEASE\spring-web-5.1.7.RELEASE.jar;D:\Java\LocalRepository\org\springframework\spring-beans\5.1.7.RELEASE\spring-beans-5.1.7.RELEASE.jar;D:\Java\LocalRepository\org\springframework\spring-webmvc\5.1.7.RELEASE\spring-webmvc-5.1.7.RELEASE.jar;D:\Java\LocalRepository\org\springframework\spring-aop\5.1.7.RELEASE\spring-aop-5.1.7.RELEASE.jar;D:\Java\LocalRepository\org\springframework\spring-expression\5.1.7.RELEASE\spring-expression-5.1.7.RELEASE.jar;D:\Java\LocalRepository\org\springframework\boot\spring-boot-configuration-processor\2.1.5.RELEASE\spring-boot-configuration-processor-2.1.5.RELEASE.jar;D:\Java\LocalRepository\org\springframework\boot\spring-boot-starter-test\2.1.5.RELEASE\spring-boot-starter-test-2.1.5.RELEASE.jar;D:\Java\LocalRepository\org\springframework\boot\spring-boot-test\2.1.5.RELEASE\spring-boot-test-2.1.5.RELEASE.jar;D:\Java\LocalRepository\org\springframework\boot\spring-boot-test-autoconfigure\2.1.5.RELEASE\spring-boot-test-autoconfigure-2.1.5.RELEASE.jar;D:\Java\LocalRepository\com\jayway\jsonpath\json-path\2.4.0\json-path-2.4.0.jar;D:\Java\LocalRepository\net\minidev\json-smart\2.3\json-smart-2.3.jar;D:\Java\LocalRepository\net\minidev\accessors-smart\1.2\accessors-smart-1.2.jar;D:\Java\LocalRepository\org\ow2\asm\asm\5.0.4\asm-5.0.4.jar;D:\Java\LocalRepository\junit\junit\4.12\junit-4.12.jar;D:\Java\LocalRepository\org\assertj\assertj-core\3.11.1\assertj-core-3.11.1.jar;D:\Java\LocalRepository\org\mockito\mockito-core\2.23.4\mockito-core-2.23.4.jar;D:\Java\LocalRepository\net\bytebuddy\byte-buddy\1.9.12\byte-buddy-1.9.12.jar;D:\Java\LocalRepository\net\bytebuddy\byte-buddy-agent\1.9.12\byte-buddy-agent-1.9.12.jar;D:\Java\LocalRepository\org\objenesis\objenesis\2.6\objenesis-2.6.jar;D:\Java\LocalRepository\org\hamcrest\hamcrest-core\1.3\hamcrest-core-1.3.jar;D:\Java\LocalRepository\org\hamcrest\hamcrest-library\1.3\hamcrest-library-1.3.jar;D:\Java\LocalRepository\org\skyscreamer\jsonassert\1.5.0\jsonassert-1.5.0.jar;D:\Java\LocalRepository\com\vaadin\external\google\android-json\0.0.20131108.vaadin1\android-json-0.0.20131108.vaadin1.jar;D:\Java\LocalRepository\org\springframework\spring-test\5.1.7.RELEASE\spring-test-5.1.7.RELEASE.jar;D:\Java\LocalRepository\org\xmlunit\xmlunit-core\2.6.2\xmlunit-core-2.6.2.jar;D:\Java\LocalRepository\mysql\mysql-connector-java\8.0.16\mysql-connector-java-8.0.16.jar;D:\Java\LocalRepository\org\mybatis\spring\boot\mybatis-spring-boot-starter\2.1.0\mybatis-spring-boot-starter-2.1.0.jar;D:\Java\LocalRepository\org\springframework\boot\spring-boot-starter-jdbc\2.1.5.RELEASE\spring-boot-starter-jdbc-2.1.5.RELEASE.jar;D:\Java\LocalRepository\com\zaxxer\HikariCP\3.2.0\HikariCP-3.2.0.jar;D:\Java\LocalRepository\org\springframework\spring-jdbc\5.1.7.RELEASE\spring-jdbc-5.1.7.RELEASE.jar;D:\Java\LocalRepository\org\springframework\spring-tx\5.1.7.RELEASE\spring-tx-5.1.7.RELEASE.jar;D:\Java\LocalRepository\org\mybatis\spring\boot\mybatis-spring-boot-autoconfigure\2.1.0\mybatis-spring-boot-autoconfigure-2.1.0.jar;D:\Java\LocalRepository\org\mybatis\mybatis\3.5.2\mybatis-3.5.2.jar;D:\Java\LocalRepository\org\mybatis\mybatis-spring\2.0.2\mybatis-spring-2.0.2.jar;D:\Java\LocalRepository\tk\mybatis\mapper-spring-boot-starter\2.1.5\mapper-spring-boot-starter-2.1.5.jar;D:\Java\LocalRepository\tk\mybatis\mapper-core\1.1.5\mapper-core-1.1.5.jar;D:\Java\LocalRepository\javax\persistence\persistence-api\1.0\persistence-api-1.0.jar;D:\Java\LocalRepository\tk\mybatis\mapper-base\1.1.5\mapper-base-1.1.5.jar;D:\Java\LocalRepository\tk\mybatis\mapper-weekend\1.1.5\mapper-weekend-1.1.5.jar;D:\Java\LocalRepository\tk\mybatis\mapper-spring\1.1.5\mapper-spring-1.1.5.jar;D:\Java\LocalRepository\tk\mybatis\mapper-extra\1.1.5\mapper-extra-1.1.5.jar;D:\Java\LocalRepository\tk\mybatis\mapper-spring-boot-autoconfigure\2.1.5\mapper-spring-boot-autoconfigure-2.1.5.jar;D:\Java\LocalRepository\org\slf4j\slf4j-api\1.7.21\slf4j-api-1.7.21.jar;D:\Java\LocalRepository\org\slf4j\slf4j-log4j12\1.7.21\slf4j-log4j12-1.7.21.jar;D:\Java\LocalRepository\log4j\log4j\1.2.17\log4j-1.2.17.jar;D:\Java\LocalRepository\commons-codec\commons-codec\1.11\commons-codec-1.11.jar;D:\Java\LocalRepository\org\apache\commons\commons-lang3\3.4\commons-lang3-3.4.jar;D:\Java\LocalRepository\commons-io\commons-io\1.3.2\commons-io-1.3.2.jar;D:\Java\LocalRepository\io\springfox\springfox-swagger2\2.4.0\springfox-swagger2-2.4.0.jar;D:\Java\LocalRepository\io\swagger\swagger-annotations\1.5.6\swagger-annotations-1.5.6.jar;D:\Java\LocalRepository\io\swagger\swagger-models\1.5.6\swagger-models-1.5.6.jar;D:\Java\LocalRepository\com\fasterxml\jackson\core\jackson-annotations\2.9.0\jackson-annotations-2.9.0.jar;D:\Java\LocalRepository\io\springfox\springfox-spi\2.4.0\springfox-spi-2.4.0.jar;D:\Java\LocalRepository\io\springfox\springfox-core\2.4.0\springfox-core-2.4.0.jar;D:\Java\LocalRepository\io\springfox\springfox-schema\2.4.0\springfox-schema-2.4.0.jar;D:\Java\LocalRepository\io\springfox\springfox-swagger-common\2.4.0\springfox-swagger-common-2.4.0.jar;D:\Java\LocalRepository\io\springfox\springfox-spring-web\2.4.0\springfox-spring-web-2.4.0.jar;D:\Java\LocalRepository\com\google\guava\guava\18.0\guava-18.0.jar;D:\Java\LocalRepository\com\fasterxml\classmate\1.4.0\classmate-1.4.0.jar;D:\Java\LocalRepository\org\springframework\plugin\spring-plugin-core\1.2.0.RELEASE\spring-plugin-core-1.2.0.RELEASE.jar;D:\Java\LocalRepository\org\springframework\plugin\spring-plugin-metadata\1.2.0.RELEASE\spring-plugin-metadata-1.2.0.RELEASE.jar;D:\Java\LocalRepository\io\springfox\springfox-swagger-ui\2.4.0\springfox-swagger-ui-2.4.0.jar;D:\Java\LocalRepository\com\github\xiaoymin\swagger-bootstrap-ui\1.6\swagger-bootstrap-ui-1.6.jar;"/>
    <property name="sun.cpu.endian" value="little"/>
    <property name="user.home" value="C:\Users\asus"/>
    <property name="user.language" value="zh"/>
    <property name="java.specification.vendor" value="Oracle Corporation"/>
    <property name="java.home" value="C:\Program Files\Java\jdk1.8.0_201\jre"/>
    <property name="basedir" value="D:\IdeaProject\foodies-dev\foodie-api"/>
    <property name="file.separator" value="\"/>
    <property name="line.separator" value="&#10;"/>
    <property name="java.vm.specification.vendor" value="Oracle Corporation"/>
    <property name="java.specification.name" value="Java Platform API Specification"/>
    <property name="java.awt.graphicsenv" value="sun.awt.Win32GraphicsEnvironment"/>
    <property name="surefire.real.class.path" value="C:\Users\asus\AppData\Local\Temp\surefire7617360631763441117\surefirebooter2807028734360592576.jar"/>
    <property name="sun.boot.class.path" value="C:\Program Files\Java\jdk1.8.0_201\jre\lib\resources.jar;C:\Program Files\Java\jdk1.8.0_201\jre\lib\rt.jar;C:\Program Files\Java\jdk1.8.0_201\jre\lib\sunrsasign.jar;C:\Program Files\Java\jdk1.8.0_201\jre\lib\jsse.jar;C:\Program Files\Java\jdk1.8.0_201\jre\lib\jce.jar;C:\Program Files\Java\jdk1.8.0_201\jre\lib\charsets.jar;C:\Program Files\Java\jdk1.8.0_201\jre\lib\jfr.jar;C:\Program Files\Java\jdk1.8.0_201\jre\classes"/>
    <property name="user.script" value=""/>
    <property name="sun.management.compiler" value="HotSpot 64-Bit Tiered Compilers"/>
    <property name="java.runtime.version" value="1.8.0_201-b09"/>
    <property name="user.name" value="asus"/>
    <property name="path.separator" value=";"/>
    <property name="os.version" value="10.0"/>
    <property name="java.endorsed.dirs" value="C:\Program Files\Java\jdk1.8.0_201\jre\lib\endorsed"/>
    <property name="java.runtime.name" value="Java(TM) SE Runtime Environment"/>
    <property name="file.encoding" value="GBK"/>
    <property name="java.vm.name" value="Java HotSpot(TM) 64-Bit Server VM"/>
    <property name="idea.version2020.1" value="true"/>
    <property name="localRepository" value="D:\Java\LocalRepository"/>
    <property name="java.vendor.url.bug" value="http://bugreport.sun.com/bugreport/"/>
    <property name="java.io.tmpdir" value="C:\Users\asus\AppData\Local\Temp\"/>
    <property name="java.version" value="1.8.0_201"/>
    <property name="user.dir" value="D:\IdeaProject\foodies-dev\foodie-api"/>
    <property name="os.arch" value="amd64"/>
    <property name="java.vm.specification.name" value="Java Virtual Machine Specification"/>
    <property name="java.awt.printerjob" value="sun.awt.windows.WPrinterJob"/>
    <property name="sun.os.patch.level" value=""/>
    <property name="java.library.path" value="C:\Program Files\Java\jdk1.8.0_201\jre\bin;C:\WINDOWS\Sun\Java\bin;C:\WINDOWS\system32;C:\WINDOWS;C:\Python27\;C:\Python27\Scripts;C:\Program Files\MySQL\MySQL Server 5.7\bin;C:\Program Files\Java\jdk1.8.0_201\bin;D:\软件\apache-tomcat-8.5.31\bin;C;\Program Files (x86)\Common Files\Oracle\Java\javapath;C:\Program Files (x86)\Common Files\Intel\Shared Libraries\redist\intel64\compiler;C:\Program Files (x86)\Intel\iCLS Client\;C:\Program Files\Intel\iCLS Client\;C:\Windows\system32;C:\Windows;C:\Windows\System32\Wbem;C:\Windows\System32\WindowsPowerShell\v1.0\;C:\Program Files (x86)\Intel\Intel(R) Management Engine Components\DAL;C:\Program Files\Intel\Intel(R) Management Engine Components\DAL;C:\Program Files (x86)\Intel\Intel(R) Management Engine Components\IPT;C:\Program Files\Intel\Intel(R) Management Engine Components\IPT;C:\Program Files (x86)\NVIDIA Corporation\PhysX\Common;C:\WINDOWS\system32;C:\WINDOWS;C:\WINDOWS\System32\Wbem;C:\WINDOWS\System32\WindowsPowerShell\v1.0\;C:\WINDOWS\System32\OpenSSH\;C:\Android;%JAVA_HOME\jre\bin%;D:\MongoDB\Server\3.4\bin;C:\Program Files\NVIDIA Corporation\NVIDIA NvDLISR;D:\Java\apache-maven-3.5.4\bin;D:\ShiXunStudies\;C:\WINDOWS\system32;C:\WINDOWS;C:\WINDOWS\System32\Wbem;C:\WINDOWS\System32\WindowsPowerShell\v1.0\;C:\WINDOWS\System32\OpenSSH\;D:\Java\Git\cmd;D:\Java\TortoiseGit\bin;D:\Java\hugo\hugo_0.57.0_Windows-64bit;D:\Java\SVN\bin;C:\Users\asus\AppData\Local\Programs\Python\Python37\Scripts;C:\Users\asus\.gradle\wrapper\dists\gradle-5.1.1-all\97z1ksx6lirer3kbvdnh7jtjg\gradle-5.1.1\bin;D:\Tool\nodejs\;C:\ProgramData\chocolatey\bin;D:\Tool\go\bin;C:\Users\asus\AppData\Local\Programs\Python\Python37\Scripts\;C:\Users\asus\AppData\Local\Programs\Python\Python37\;C:\Users\asus\AppData\Local\Microsoft\WindowsApps;D:\软件\Bandizip\;C:\Users\asus\AppData\Local\GitHubDesktop\bin;D:\Tool\Fiddler;C:\Users\asus\AppData\Roaming\npm;C:\Program Files\JetBrains\GoLand 2019.1.4\bin;;C:\Users\asus\AppData\Local\Programs\Microsoft VS Code\bin;."/>
    <property name="java.vm.info" value="mixed mode"/>
    <property name="java.vendor" value="Oracle Corporation"/>
    <property name="java.vm.version" value="25.201-b09"/>
    <property name="java.ext.dirs" value="C:\Program Files\Java\jdk1.8.0_201\jre\lib\ext;C:\WINDOWS\Sun\Java\lib\ext"/>
    <property name="sun.io.unicode.encoding" value="UnicodeLittle"/>
    <property name="maven.repo.local" value="D:\Java\LocalRepository"/>
    <property name="java.class.version" value="52.0"/>
  </properties>
  <testcase name="save" classname="com.wjw.impl.StuServiceImplTest" time="1.303">
    <error message="&#10;### Error updating database.  Cause: java.sql.SQLIntegrityConstraintViolationException: Duplicate entry &apos;10086&apos; for key &apos;stu.PRIMARY&apos;&#10;### The error may exist in com/wjw/mapper/StuMapper.java (best guess)&#10;### The error may involve com.wjw.mapper.StuMapper.insert-Inline&#10;### The error occurred while setting parameters&#10;### SQL: INSERT INTO stu  ( id,name,age ) VALUES( ?,?,? )&#10;### Cause: java.sql.SQLIntegrityConstraintViolationException: Duplicate entry &apos;10086&apos; for key &apos;stu.PRIMARY&apos;&#10;; Duplicate entry &apos;10086&apos; for key &apos;stu.PRIMARY&apos;; nested exception is java.sql.SQLIntegrityConstraintViolationException: Duplicate entry &apos;10086&apos; for key &apos;stu.PRIMARY&apos;" type="org.springframework.dao.DuplicateKeyException">org.springframework.dao.DuplicateKeyException: 

### Error updating database.  Cause: java.sql.SQLIntegrityConstraintViolationException: Duplicate entry '10086' for key 'stu.PRIMARY'
### The error may exist in com/wjw/mapper/StuMapper.java (best guess)
### The error may involve com.wjw.mapper.StuMapper.insert-Inline
### The error occurred while setting parameters
### SQL: INSERT INTO stu  ( id,name,age ) VALUES( ?,?,? )
### Cause: java.sql.SQLIntegrityConstraintViolationException: Duplicate entry '10086' for key 'stu.PRIMARY'
; Duplicate entry '10086' for key 'stu.PRIMARY'; nested exception is java.sql.SQLIntegrityConstraintViolationException: Duplicate entry '10086' for key 'stu.PRIMARY'
	at com.wjw.impl.StuServiceImplTest.save(StuServiceImplTest.java:27)
Caused by: java.sql.SQLIntegrityConstraintViolationException: Duplicate entry '10086' for key 'stu.PRIMARY'
	at com.wjw.impl.StuServiceImplTest.save(StuServiceImplTest.java:27)
</error>
    <system-out><![CDATA[20:58:41.817 [main] DEBUG org.springframework.test.context.junit4.SpringJUnit4ClassRunner - SpringJUnit4ClassRunner constructor called with [class com.wjw.impl.StuServiceImplTest]
20:58:41.826 [main] DEBUG org.springframework.test.context.BootstrapUtils - Instantiating CacheAwareContextLoaderDelegate from class [org.springframework.test.context.cache.DefaultCacheAwareContextLoaderDelegate]
20:58:41.867 [main] DEBUG org.springframework.test.context.BootstrapUtils - Instantiating BootstrapContext using constructor [public org.springframework.test.context.support.DefaultBootstrapContext(java.lang.Class,org.springframework.test.context.CacheAwareContextLoaderDelegate)]
20:58:41.903 [main] DEBUG org.springframework.test.context.BootstrapUtils - Instantiating TestContextBootstrapper for test class [com.wjw.impl.StuServiceImplTest] from class [org.springframework.boot.test.context.SpringBootTestContextBootstrapper]
20:58:41.928 [main] INFO org.springframework.boot.test.context.SpringBootTestContextBootstrapper - Neither @ContextConfiguration nor @ContextHierarchy found for test class [com.wjw.impl.StuServiceImplTest], using SpringBootContextLoader
20:58:41.934 [main] DEBUG org.springframework.test.context.support.AbstractContextLoader - Did not detect default resource location for test class [com.wjw.impl.StuServiceImplTest]: class path resource [com/wjw/impl/StuServiceImplTest-context.xml] does not exist
20:58:41.935 [main] DEBUG org.springframework.test.context.support.AbstractContextLoader - Did not detect default resource location for test class [com.wjw.impl.StuServiceImplTest]: class path resource [com/wjw/impl/StuServiceImplTestContext.groovy] does not exist
20:58:41.935 [main] INFO org.springframework.test.context.support.AbstractContextLoader - Could not detect default resource locations for test class [com.wjw.impl.StuServiceImplTest]: no resource found for suffixes {-context.xml, Context.groovy}.
20:58:41.937 [main] INFO org.springframework.test.context.support.AnnotationConfigContextLoaderUtils - Could not detect default configuration classes for test class [com.wjw.impl.StuServiceImplTest]: StuServiceImplTest does not declare any static, non-private, non-final, nested classes annotated with @Configuration.
20:58:42.065 [main] DEBUG org.springframework.test.context.support.ActiveProfilesUtils - Could not find an 'annotation declaring class' for annotation type [org.springframework.test.context.ActiveProfiles] and class [com.wjw.impl.StuServiceImplTest]
20:58:42.470 [main] DEBUG org.springframework.context.annotation.ClassPathScanningCandidateComponentProvider - Identified candidate component class: file [D:\IdeaProject\foodies-dev\foodie-api\target\classes\com\wjw\Application.class]
20:58:42.473 [main] INFO org.springframework.boot.test.context.SpringBootTestContextBootstrapper - Found @SpringBootConfiguration com.wjw.Application for test class com.wjw.impl.StuServiceImplTest
20:58:42.696 [main] DEBUG org.springframework.boot.test.context.SpringBootTestContextBootstrapper - @TestExecutionListeners is not present for class [com.wjw.impl.StuServiceImplTest]: using defaults.
20:58:42.715 [main] INFO org.springframework.boot.test.context.SpringBootTestContextBootstrapper - Loaded default TestExecutionListener class names from location [META-INF/spring.factories]: [org.springframework.boot.test.mock.mockito.MockitoTestExecutionListener, org.springframework.boot.test.mock.mockito.ResetMocksTestExecutionListener, org.springframework.boot.test.autoconfigure.restdocs.RestDocsTestExecutionListener, org.springframework.boot.test.autoconfigure.web.client.MockRestServiceServerResetTestExecutionListener, org.springframework.boot.test.autoconfigure.web.servlet.MockMvcPrintOnlyOnFailureTestExecutionListener, org.springframework.boot.test.autoconfigure.web.servlet.WebDriverTestExecutionListener, org.springframework.test.context.web.ServletTestExecutionListener, org.springframework.test.context.support.DirtiesContextBeforeModesTestExecutionListener, org.springframework.test.context.support.DependencyInjectionTestExecutionListener, org.springframework.test.context.support.DirtiesContextTestExecutionListener, org.springframework.test.context.transaction.TransactionalTestExecutionListener, org.springframework.test.context.jdbc.SqlScriptsTestExecutionListener]
20:58:42.784 [main] INFO org.springframework.boot.test.context.SpringBootTestContextBootstrapper - Using TestExecutionListeners: [org.springframework.test.context.web.ServletTestExecutionListener@59474f18, org.springframework.test.context.support.DirtiesContextBeforeModesTestExecutionListener@65fb9ffc, org.springframework.boot.test.mock.mockito.MockitoTestExecutionListener@3e694b3f, org.springframework.boot.test.autoconfigure.SpringBootDependencyInjectionTestExecutionListener@1bb5a082, org.springframework.test.context.support.DirtiesContextTestExecutionListener@78691363, org.springframework.test.context.transaction.TransactionalTestExecutionListener@41d477ed, org.springframework.test.context.jdbc.SqlScriptsTestExecutionListener@3590fc5b, org.springframework.boot.test.mock.mockito.ResetMocksTestExecutionListener@397fbdb, org.springframework.boot.test.autoconfigure.restdocs.RestDocsTestExecutionListener@33d512c1, org.springframework.boot.test.autoconfigure.web.client.MockRestServiceServerResetTestExecutionListener@515c6049, org.springframework.boot.test.autoconfigure.web.servlet.MockMvcPrintOnlyOnFailureTestExecutionListener@639c2c1d, org.springframework.boot.test.autoconfigure.web.servlet.WebDriverTestExecutionListener@5fe94a96]
20:58:42.787 [main] DEBUG org.springframework.test.annotation.ProfileValueUtils - Retrieved @ProfileValueSourceConfiguration [null] for test class [com.wjw.impl.StuServiceImplTest]
20:58:42.787 [main] DEBUG org.springframework.test.annotation.ProfileValueUtils - Retrieved ProfileValueSource type [class org.springframework.test.annotation.SystemProfileValueSource] for class [com.wjw.impl.StuServiceImplTest]
20:58:42.790 [main] DEBUG org.springframework.test.annotation.ProfileValueUtils - Retrieved @ProfileValueSourceConfiguration [null] for test class [com.wjw.impl.StuServiceImplTest]
20:58:42.790 [main] DEBUG org.springframework.test.annotation.ProfileValueUtils - Retrieved ProfileValueSource type [class org.springframework.test.annotation.SystemProfileValueSource] for class [com.wjw.impl.StuServiceImplTest]
20:58:42.815 [main] DEBUG org.springframework.test.annotation.ProfileValueUtils - Retrieved @ProfileValueSourceConfiguration [null] for test class [com.wjw.impl.StuServiceImplTest]
20:58:42.815 [main] DEBUG org.springframework.test.annotation.ProfileValueUtils - Retrieved ProfileValueSource type [class org.springframework.test.annotation.SystemProfileValueSource] for class [com.wjw.impl.StuServiceImplTest]
20:58:42.820 [main] DEBUG org.springframework.test.context.support.AbstractDirtiesContextTestExecutionListener - Before test class: context [DefaultTestContext@34e9fd99 testClass = StuServiceImplTest, testInstance = [null], testMethod = [null], testException = [null], mergedContextConfiguration = [WebMergedContextConfiguration@3c41ed1d testClass = StuServiceImplTest, locations = '{}', classes = '{class com.wjw.Application}', contextInitializerClasses = '[]', activeProfiles = '{}', propertySourceLocations = '{}', propertySourceProperties = '{org.springframework.boot.test.context.SpringBootTestContextBootstrapper=true}', contextCustomizers = set[org.springframework.boot.test.context.filter.ExcludeFilterContextCustomizer@28ac3dc3, org.springframework.boot.test.json.DuplicateJsonObjectContextCustomizerFactory$DuplicateJsonObjectContextCustomizer@1d371b2d, org.springframework.boot.test.mock.mockito.MockitoContextCustomizer@0, org.springframework.boot.test.web.client.TestRestTemplateContextCustomizer@401e7803, org.springframework.boot.test.autoconfigure.properties.PropertyMappingContextCustomizer@0, org.springframework.boot.test.autoconfigure.web.servlet.WebDriverContextCustomizerFactory$Customizer@2641e737], resourceBasePath = 'src/main/webapp', contextLoader = 'org.springframework.boot.test.context.SpringBootContextLoader', parent = [null]], attributes = map['org.springframework.test.context.web.ServletTestExecutionListener.activateListener' -> true]], class annotated with @DirtiesContext [false] with mode [null].
20:58:42.822 [main] DEBUG org.springframework.test.annotation.ProfileValueUtils - Retrieved @ProfileValueSourceConfiguration [null] for test class [com.wjw.impl.StuServiceImplTest]
20:58:42.822 [main] DEBUG org.springframework.test.annotation.ProfileValueUtils - Retrieved ProfileValueSource type [class org.springframework.test.annotation.SystemProfileValueSource] for class [com.wjw.impl.StuServiceImplTest]
20:58:42.939 [main] DEBUG org.springframework.test.context.support.TestPropertySourceUtils - Adding inlined properties to environment: {spring.jmx.enabled=false, org.springframework.boot.test.context.SpringBootTestContextBootstrapper=true, server.port=-1}

  .   ____          _            __ _ _
 /\\ / ___'_ __ _ _(_)_ __  __ _ \ \ \ \
( ( )\___ | '_ | '_| | '_ \/ _` | \ \ \ \
 \\/  ___)| |_)| | | | | || (_| |  ) ) ) )
  '  |____| .__|_| |_|_| |_\__, | / / / /
 =========|_|==============|___/=/_/_/_/
 :: Spring Boot ::        (v2.1.5.RELEASE)

2020-04-26 20:58:44.339  INFO 8272 --- [           main] com.wjw.impl.StuServiceImplTest          : Starting StuServiceImplTest on SparkComputer with PID 8272 (started by asus in D:\IdeaProject\foodies-dev\foodie-api)
2020-04-26 20:58:44.340  INFO 8272 --- [           main] com.wjw.impl.StuServiceImplTest          : No active profile set, falling back to default profiles: default
2020-04-26 20:58:46.766  WARN 8272 --- [           main] o.m.s.mapper.ClassPathMapperScanner      : No MyBatis mapper was found in '[com.wjw]' package. Please check your configuration.
2020-04-26 20:58:50.333  INFO 8272 --- [           main] o.s.s.concurrent.ThreadPoolTaskExecutor  : Initializing ExecutorService 'applicationTaskExecutor'
2020-04-26 20:58:50.893  INFO 8272 --- [           main] t.m.m.autoconfigure.MapperCacheDisabler  : Clear tk.mybatis.mapper.util.MsUtil CLASS_CACHE cache.
2020-04-26 20:58:50.895  INFO 8272 --- [           main] t.m.m.autoconfigure.MapperCacheDisabler  : Clear tk.mybatis.mapper.genid.GenIdUtil CACHE cache.
2020-04-26 20:58:50.896  INFO 8272 --- [           main] t.m.m.autoconfigure.MapperCacheDisabler  : Clear tk.mybatis.mapper.version.VersionUtil CACHE cache.
2020-04-26 20:58:50.899  INFO 8272 --- [           main] t.m.m.autoconfigure.MapperCacheDisabler  : Clear EntityHelper entityTableMap cache.
2020-04-26 20:58:51.540  INFO 8272 --- [           main] com.wjw.impl.StuServiceImplTest          : Started StuServiceImplTest in 8.527 seconds (JVM running for 10.699)
2020-04-26 20:58:52.194  INFO 8272 --- [           main] com.zaxxer.hikari.HikariDataSource       : DateSourceHikariCP - Starting...
2020-04-26 20:58:52.688  INFO 8272 --- [           main] com.zaxxer.hikari.HikariDataSource       : DateSourceHikariCP - Start completed.
]]></system-out>
    <system-err><![CDATA[SLF4J: Class path contains multiple SLF4J bindings.
SLF4J: Found binding in [jar:file:/D:/Java/LocalRepository/ch/qos/logback/logback-classic/1.2.3/logback-classic-1.2.3.jar!/org/slf4j/impl/StaticLoggerBinder.class]
SLF4J: Found binding in [jar:file:/D:/Java/LocalRepository/org/slf4j/slf4j-log4j12/1.7.21/slf4j-log4j12-1.7.21.jar!/org/slf4j/impl/StaticLoggerBinder.class]
SLF4J: See http://www.slf4j.org/codes.html#multiple_bindings for an explanation.
SLF4J: Actual binding is of type [ch.qos.logback.classic.util.ContextSelectorStaticBinder]
]]></system-err>
  </testcase>
  <testcase name="contextLoads" classname="com.wjw.impl.StuServiceImplTest" time="0"/>
</testsuite>