<?xml version="1.0" encoding="UTF-8"?>
<testsuite xmlns:xsi="http://www.w3.org/2001/XMLSchema-instance" xsi:noNamespaceSchemaLocation="https://maven.apache.org/surefire/maven-surefire-plugin/xsd/surefire-test-report.xsd" name="com.wjw.impl.StuServiceImplTest" time="0.802" tests="2" errors="0" skipped="0" failures="0">
  <properties>
    <property name="sun.desktop" value="gnome"/>
    <property name="awt.toolkit" value="sun.awt.X11.XToolkit"/>
    <property name="jdk.extensions.version" value="8.0.252.0"/>
    <property name="file.encoding.pkg" value="sun.io"/>
    <property name="java.specification.version" value="1.8"/>
    <property name="sun.jnu.encoding" value="UTF-8"/>
    <property name="java.class.path" value="/home/codespark/IdeaProjects/foodie-shop/foodie-api/target/test-classes:/home/codespark/IdeaProjects/foodie-shop/foodie-api/target/classes:/home/codespark/IdeaProjects/foodie-shop/foodie-service/target/foodie-service-1.0-SNAPSHOT.jar:/home/codespark/IdeaProjects/foodie-shop/foodie-mapper/target/foodie-mapper-1.0-SNAPSHOT.jar:/home/codespark/IdeaProjects/foodie-shop/foodie-pojo/target/foodie-pojo-1.0-SNAPSHOT.jar:/home/codespark/IdeaProjects/foodie-shop/foodie-common/target/foodie-common-1.0-SNAPSHOT.jar:/home/codespark/.m2/repository/org/springframework/boot/spring-boot-starter/2.1.5.RELEASE/spring-boot-starter-2.1.5.RELEASE.jar:/home/codespark/.m2/repository/org/springframework/boot/spring-boot/2.1.5.RELEASE/spring-boot-2.1.5.RELEASE.jar:/home/codespark/.m2/repository/org/springframework/spring-context/5.1.7.RELEASE/spring-context-5.1.7.RELEASE.jar:/home/codespark/.m2/repository/org/springframework/boot/spring-boot-autoconfigure/2.1.5.RELEASE/spring-boot-autoconfigure-2.1.5.RELEASE.jar:/home/codespark/.m2/repository/org/springframework/boot/spring-boot-starter-logging/2.1.5.RELEASE/spring-boot-starter-logging-2.1.5.RELEASE.jar:/home/codespark/.m2/repository/ch/qos/logback/logback-classic/1.2.3/logback-classic-1.2.3.jar:/home/codespark/.m2/repository/ch/qos/logback/logback-core/1.2.3/logback-core-1.2.3.jar:/home/codespark/.m2/repository/org/apache/logging/log4j/log4j-to-slf4j/2.11.2/log4j-to-slf4j-2.11.2.jar:/home/codespark/.m2/repository/org/apache/logging/log4j/log4j-api/2.11.2/log4j-api-2.11.2.jar:/home/codespark/.m2/repository/org/slf4j/jul-to-slf4j/1.7.26/jul-to-slf4j-1.7.26.jar:/home/codespark/.m2/repository/javax/annotation/javax.annotation-api/1.3.2/javax.annotation-api-1.3.2.jar:/home/codespark/.m2/repository/org/springframework/spring-core/5.1.7.RELEASE/spring-core-5.1.7.RELEASE.jar:/home/codespark/.m2/repository/org/springframework/spring-jcl/5.1.7.RELEASE/spring-jcl-5.1.7.RELEASE.jar:/home/codespark/.m2/repository/org/yaml/snakeyaml/1.23/snakeyaml-1.23.jar:/home/codespark/.m2/repository/org/springframework/boot/spring-boot-starter-web/2.1.5.RELEASE/spring-boot-starter-web-2.1.5.RELEASE.jar:/home/codespark/.m2/repository/org/springframework/boot/spring-boot-starter-json/2.1.5.RELEASE/spring-boot-starter-json-2.1.5.RELEASE.jar:/home/codespark/.m2/repository/com/fasterxml/jackson/core/jackson-databind/2.9.8/jackson-databind-2.9.8.jar:/home/codespark/.m2/repository/com/fasterxml/jackson/core/jackson-core/2.9.8/jackson-core-2.9.8.jar:/home/codespark/.m2/repository/com/fasterxml/jackson/datatype/jackson-datatype-jdk8/2.9.8/jackson-datatype-jdk8-2.9.8.jar:/home/codespark/.m2/repository/com/fasterxml/jackson/datatype/jackson-datatype-jsr310/2.9.8/jackson-datatype-jsr310-2.9.8.jar:/home/codespark/.m2/repository/com/fasterxml/jackson/module/jackson-module-parameter-names/2.9.8/jackson-module-parameter-names-2.9.8.jar:/home/codespark/.m2/repository/org/springframework/boot/spring-boot-starter-tomcat/2.1.5.RELEASE/spring-boot-starter-tomcat-2.1.5.RELEASE.jar:/home/codespark/.m2/repository/org/apache/tomcat/embed/tomcat-embed-core/9.0.19/tomcat-embed-core-9.0.19.jar:/home/codespark/.m2/repository/org/apache/tomcat/embed/tomcat-embed-el/9.0.19/tomcat-embed-el-9.0.19.jar:/home/codespark/.m2/repository/org/apache/tomcat/embed/tomcat-embed-websocket/9.0.19/tomcat-embed-websocket-9.0.19.jar:/home/codespark/.m2/repository/org/hibernate/validator/hibernate-validator/6.0.16.Final/hibernate-validator-6.0.16.Final.jar:/home/codespark/.m2/repository/javax/validation/validation-api/2.0.1.Final/validation-api-2.0.1.Final.jar:/home/codespark/.m2/repository/org/jboss/logging/jboss-logging/3.3.2.Final/jboss-logging-3.3.2.Final.jar:/home/codespark/.m2/repository/org/springframework/spring-web/5.1.7.RELEASE/spring-web-5.1.7.RELEASE.jar:/home/codespark/.m2/repository/org/springframework/spring-beans/5.1.7.RELEASE/spring-beans-5.1.7.RELEASE.jar:/home/codespark/.m2/repository/org/springframework/spring-webmvc/5.1.7.RELEASE/spring-webmvc-5.1.7.RELEASE.jar:/home/codespark/.m2/repository/org/springframework/spring-expression/5.1.7.RELEASE/spring-expression-5.1.7.RELEASE.jar:/home/codespark/.m2/repository/org/springframework/boot/spring-boot-configuration-processor/2.1.5.RELEASE/spring-boot-configuration-processor-2.1.5.RELEASE.jar:/home/codespark/.m2/repository/org/springframework/boot/spring-boot-starter-test/2.1.5.RELEASE/spring-boot-starter-test-2.1.5.RELEASE.jar:/home/codespark/.m2/repository/org/springframework/boot/spring-boot-test/2.1.5.RELEASE/spring-boot-test-2.1.5.RELEASE.jar:/home/codespark/.m2/repository/org/springframework/boot/spring-boot-test-autoconfigure/2.1.5.RELEASE/spring-boot-test-autoconfigure-2.1.5.RELEASE.jar:/home/codespark/.m2/repository/com/jayway/jsonpath/json-path/2.4.0/json-path-2.4.0.jar:/home/codespark/.m2/repository/net/minidev/json-smart/2.3/json-smart-2.3.jar:/home/codespark/.m2/repository/net/minidev/accessors-smart/1.2/accessors-smart-1.2.jar:/home/codespark/.m2/repository/org/ow2/asm/asm/5.0.4/asm-5.0.4.jar:/home/codespark/.m2/repository/junit/junit/4.12/junit-4.12.jar:/home/codespark/.m2/repository/org/assertj/assertj-core/3.11.1/assertj-core-3.11.1.jar:/home/codespark/.m2/repository/org/mockito/mockito-core/2.23.4/mockito-core-2.23.4.jar:/home/codespark/.m2/repository/net/bytebuddy/byte-buddy/1.9.12/byte-buddy-1.9.12.jar:/home/codespark/.m2/repository/net/bytebuddy/byte-buddy-agent/1.9.12/byte-buddy-agent-1.9.12.jar:/home/codespark/.m2/repository/org/objenesis/objenesis/2.6/objenesis-2.6.jar:/home/codespark/.m2/repository/org/hamcrest/hamcrest-core/1.3/hamcrest-core-1.3.jar:/home/codespark/.m2/repository/org/hamcrest/hamcrest-library/1.3/hamcrest-library-1.3.jar:/home/codespark/.m2/repository/org/skyscreamer/jsonassert/1.5.0/jsonassert-1.5.0.jar:/home/codespark/.m2/repository/com/vaadin/external/google/android-json/0.0.20131108.vaadin1/android-json-0.0.20131108.vaadin1.jar:/home/codespark/.m2/repository/org/springframework/spring-test/5.1.7.RELEASE/spring-test-5.1.7.RELEASE.jar:/home/codespark/.m2/repository/org/xmlunit/xmlunit-core/2.6.2/xmlunit-core-2.6.2.jar:/home/codespark/.m2/repository/org/springframework/boot/spring-boot-starter-aop/2.1.5.RELEASE/spring-boot-starter-aop-2.1.5.RELEASE.jar:/home/codespark/.m2/repository/org/springframework/spring-aop/5.1.7.RELEASE/spring-aop-5.1.7.RELEASE.jar:/home/codespark/.m2/repository/org/aspectj/aspectjweaver/1.9.4/aspectjweaver-1.9.4.jar:/home/codespark/.m2/repository/mysql/mysql-connector-java/8.0.16/mysql-connector-java-8.0.16.jar:/home/codespark/.m2/repository/org/mybatis/spring/boot/mybatis-spring-boot-starter/2.1.0/mybatis-spring-boot-starter-2.1.0.jar:/home/codespark/.m2/repository/org/springframework/boot/spring-boot-starter-jdbc/2.1.5.RELEASE/spring-boot-starter-jdbc-2.1.5.RELEASE.jar:/home/codespark/.m2/repository/com/zaxxer/HikariCP/3.2.0/HikariCP-3.2.0.jar:/home/codespark/.m2/repository/org/springframework/spring-jdbc/5.1.7.RELEASE/spring-jdbc-5.1.7.RELEASE.jar:/home/codespark/.m2/repository/org/springframework/spring-tx/5.1.7.RELEASE/spring-tx-5.1.7.RELEASE.jar:/home/codespark/.m2/repository/org/mybatis/spring/boot/mybatis-spring-boot-autoconfigure/2.1.0/mybatis-spring-boot-autoconfigure-2.1.0.jar:/home/codespark/.m2/repository/org/mybatis/mybatis/3.5.2/mybatis-3.5.2.jar:/home/codespark/.m2/repository/org/mybatis/mybatis-spring/2.0.2/mybatis-spring-2.0.2.jar:/home/codespark/.m2/repository/tk/mybatis/mapper-spring-boot-starter/2.1.5/mapper-spring-boot-starter-2.1.5.jar:/home/codespark/.m2/repository/tk/mybatis/mapper-core/1.1.5/mapper-core-1.1.5.jar:/home/codespark/.m2/repository/javax/persistence/persistence-api/1.0/persistence-api-1.0.jar:/home/codespark/.m2/repository/tk/mybatis/mapper-base/1.1.5/mapper-base-1.1.5.jar:/home/codespark/.m2/repository/tk/mybatis/mapper-weekend/1.1.5/mapper-weekend-1.1.5.jar:/home/codespark/.m2/repository/tk/mybatis/mapper-spring/1.1.5/mapper-spring-1.1.5.jar:/home/codespark/.m2/repository/tk/mybatis/mapper-extra/1.1.5/mapper-extra-1.1.5.jar:/home/codespark/.m2/repository/tk/mybatis/mapper-spring-boot-autoconfigure/2.1.5/mapper-spring-boot-autoconfigure-2.1.5.jar:/home/codespark/.m2/repository/commons-codec/commons-codec/1.11/commons-codec-1.11.jar:/home/codespark/.m2/repository/org/apache/commons/commons-lang3/3.4/commons-lang3-3.4.jar:/home/codespark/.m2/repository/commons-io/commons-io/1.3.2/commons-io-1.3.2.jar:/home/codespark/.m2/repository/io/springfox/springfox-swagger2/2.4.0/springfox-swagger2-2.4.0.jar:/home/codespark/.m2/repository/io/swagger/swagger-annotations/1.5.6/swagger-annotations-1.5.6.jar:/home/codespark/.m2/repository/io/swagger/swagger-models/1.5.6/swagger-models-1.5.6.jar:/home/codespark/.m2/repository/com/fasterxml/jackson/core/jackson-annotations/2.9.0/jackson-annotations-2.9.0.jar:/home/codespark/.m2/repository/io/springfox/springfox-spi/2.4.0/springfox-spi-2.4.0.jar:/home/codespark/.m2/repository/io/springfox/springfox-core/2.4.0/springfox-core-2.4.0.jar:/home/codespark/.m2/repository/io/springfox/springfox-schema/2.4.0/springfox-schema-2.4.0.jar:/home/codespark/.m2/repository/io/springfox/springfox-swagger-common/2.4.0/springfox-swagger-common-2.4.0.jar:/home/codespark/.m2/repository/io/springfox/springfox-spring-web/2.4.0/springfox-spring-web-2.4.0.jar:/home/codespark/.m2/repository/com/google/guava/guava/18.0/guava-18.0.jar:/home/codespark/.m2/repository/com/fasterxml/classmate/1.4.0/classmate-1.4.0.jar:/home/codespark/.m2/repository/org/slf4j/slf4j-api/1.7.26/slf4j-api-1.7.26.jar:/home/codespark/.m2/repository/org/springframework/plugin/spring-plugin-core/1.2.0.RELEASE/spring-plugin-core-1.2.0.RELEASE.jar:/home/codespark/.m2/repository/org/springframework/plugin/spring-plugin-metadata/1.2.0.RELEASE/spring-plugin-metadata-1.2.0.RELEASE.jar:/home/codespark/.m2/repository/io/springfox/springfox-swagger-ui/2.4.0/springfox-swagger-ui-2.4.0.jar:/home/codespark/.m2/repository/com/github/xiaoymin/swagger-bootstrap-ui/1.6/swagger-bootstrap-ui-1.6.jar:/home/codespark/.m2/repository/org/projectlombok/lombok/1.18.8/lombok-1.18.8.jar:"/>
    <property name="com.ibm.zero.version" value="2"/>
    <property name="java.vm.vendor" value="Eclipse OpenJ9"/>
    <property name="sun.arch.data.model" value="64"/>
    <property name="com.ibm.vm.bitmode" value="64"/>
    <property name="user.variant" value=""/>
    <property name="com.ibm.oti.vm.library.version" value="29"/>
    <property name="java.vendor.url" value="http://www.eclipse.org/openj9"/>
    <property name="user.timezone" value=""/>
    <property name="os.name" value="Linux"/>
    <property name="java.vm.specification.version" value="1.8"/>
    <property name="sun.java.launcher" value="SUN_STANDARD"/>
    <property name="user.country" value="US"/>
    <property name="sun.boot.library.path" value="/home/codespark/.jdks/adopt-openj9-1.8.0_252/jre/lib/amd64/compressedrefs:/home/codespark/.jdks/adopt-openj9-1.8.0_252/jre/lib/amd64"/>
    <property name="sun.java.command" value="/home/codespark/IdeaProjects/foodie-shop/foodie-api/target/surefire/surefirebooter3305141046761253596.jar /home/codespark/IdeaProjects/foodie-shop/foodie-api/target/surefire 2020-05-06T20-38-08_383-jvmRun1 surefire5759160386909326416tmp surefire_03202977253892930358tmp"/>
    <property name="surefire.test.class.path" value="/home/codespark/IdeaProjects/foodie-shop/foodie-api/target/test-classes:/home/codespark/IdeaProjects/foodie-shop/foodie-api/target/classes:/home/codespark/IdeaProjects/foodie-shop/foodie-service/target/foodie-service-1.0-SNAPSHOT.jar:/home/codespark/IdeaProjects/foodie-shop/foodie-mapper/target/foodie-mapper-1.0-SNAPSHOT.jar:/home/codespark/IdeaProjects/foodie-shop/foodie-pojo/target/foodie-pojo-1.0-SNAPSHOT.jar:/home/codespark/IdeaProjects/foodie-shop/foodie-common/target/foodie-common-1.0-SNAPSHOT.jar:/home/codespark/.m2/repository/org/springframework/boot/spring-boot-starter/2.1.5.RELEASE/spring-boot-starter-2.1.5.RELEASE.jar:/home/codespark/.m2/repository/org/springframework/boot/spring-boot/2.1.5.RELEASE/spring-boot-2.1.5.RELEASE.jar:/home/codespark/.m2/repository/org/springframework/spring-context/5.1.7.RELEASE/spring-context-5.1.7.RELEASE.jar:/home/codespark/.m2/repository/org/springframework/boot/spring-boot-autoconfigure/2.1.5.RELEASE/spring-boot-autoconfigure-2.1.5.RELEASE.jar:/home/codespark/.m2/repository/org/springframework/boot/spring-boot-starter-logging/2.1.5.RELEASE/spring-boot-starter-logging-2.1.5.RELEASE.jar:/home/codespark/.m2/repository/ch/qos/logback/logback-classic/1.2.3/logback-classic-1.2.3.jar:/home/codespark/.m2/repository/ch/qos/logback/logback-core/1.2.3/logback-core-1.2.3.jar:/home/codespark/.m2/repository/org/apache/logging/log4j/log4j-to-slf4j/2.11.2/log4j-to-slf4j-2.11.2.jar:/home/codespark/.m2/repository/org/apache/logging/log4j/log4j-api/2.11.2/log4j-api-2.11.2.jar:/home/codespark/.m2/repository/org/slf4j/jul-to-slf4j/1.7.26/jul-to-slf4j-1.7.26.jar:/home/codespark/.m2/repository/javax/annotation/javax.annotation-api/1.3.2/javax.annotation-api-1.3.2.jar:/home/codespark/.m2/repository/org/springframework/spring-core/5.1.7.RELEASE/spring-core-5.1.7.RELEASE.jar:/home/codespark/.m2/repository/org/springframework/spring-jcl/5.1.7.RELEASE/spring-jcl-5.1.7.RELEASE.jar:/home/codespark/.m2/repository/org/yaml/snakeyaml/1.23/snakeyaml-1.23.jar:/home/codespark/.m2/repository/org/springframework/boot/spring-boot-starter-web/2.1.5.RELEASE/spring-boot-starter-web-2.1.5.RELEASE.jar:/home/codespark/.m2/repository/org/springframework/boot/spring-boot-starter-json/2.1.5.RELEASE/spring-boot-starter-json-2.1.5.RELEASE.jar:/home/codespark/.m2/repository/com/fasterxml/jackson/core/jackson-databind/2.9.8/jackson-databind-2.9.8.jar:/home/codespark/.m2/repository/com/fasterxml/jackson/core/jackson-core/2.9.8/jackson-core-2.9.8.jar:/home/codespark/.m2/repository/com/fasterxml/jackson/datatype/jackson-datatype-jdk8/2.9.8/jackson-datatype-jdk8-2.9.8.jar:/home/codespark/.m2/repository/com/fasterxml/jackson/datatype/jackson-datatype-jsr310/2.9.8/jackson-datatype-jsr310-2.9.8.jar:/home/codespark/.m2/repository/com/fasterxml/jackson/module/jackson-module-parameter-names/2.9.8/jackson-module-parameter-names-2.9.8.jar:/home/codespark/.m2/repository/org/springframework/boot/spring-boot-starter-tomcat/2.1.5.RELEASE/spring-boot-starter-tomcat-2.1.5.RELEASE.jar:/home/codespark/.m2/repository/org/apache/tomcat/embed/tomcat-embed-core/9.0.19/tomcat-embed-core-9.0.19.jar:/home/codespark/.m2/repository/org/apache/tomcat/embed/tomcat-embed-el/9.0.19/tomcat-embed-el-9.0.19.jar:/home/codespark/.m2/repository/org/apache/tomcat/embed/tomcat-embed-websocket/9.0.19/tomcat-embed-websocket-9.0.19.jar:/home/codespark/.m2/repository/org/hibernate/validator/hibernate-validator/6.0.16.Final/hibernate-validator-6.0.16.Final.jar:/home/codespark/.m2/repository/javax/validation/validation-api/2.0.1.Final/validation-api-2.0.1.Final.jar:/home/codespark/.m2/repository/org/jboss/logging/jboss-logging/3.3.2.Final/jboss-logging-3.3.2.Final.jar:/home/codespark/.m2/repository/org/springframework/spring-web/5.1.7.RELEASE/spring-web-5.1.7.RELEASE.jar:/home/codespark/.m2/repository/org/springframework/spring-beans/5.1.7.RELEASE/spring-beans-5.1.7.RELEASE.jar:/home/codespark/.m2/repository/org/springframework/spring-webmvc/5.1.7.RELEASE/spring-webmvc-5.1.7.RELEASE.jar:/home/codespark/.m2/repository/org/springframework/spring-expression/5.1.7.RELEASE/spring-expression-5.1.7.RELEASE.jar:/home/codespark/.m2/repository/org/springframework/boot/spring-boot-configuration-processor/2.1.5.RELEASE/spring-boot-configuration-processor-2.1.5.RELEASE.jar:/home/codespark/.m2/repository/org/springframework/boot/spring-boot-starter-test/2.1.5.RELEASE/spring-boot-starter-test-2.1.5.RELEASE.jar:/home/codespark/.m2/repository/org/springframework/boot/spring-boot-test/2.1.5.RELEASE/spring-boot-test-2.1.5.RELEASE.jar:/home/codespark/.m2/repository/org/springframework/boot/spring-boot-test-autoconfigure/2.1.5.RELEASE/spring-boot-test-autoconfigure-2.1.5.RELEASE.jar:/home/codespark/.m2/repository/com/jayway/jsonpath/json-path/2.4.0/json-path-2.4.0.jar:/home/codespark/.m2/repository/net/minidev/json-smart/2.3/json-smart-2.3.jar:/home/codespark/.m2/repository/net/minidev/accessors-smart/1.2/accessors-smart-1.2.jar:/home/codespark/.m2/repository/org/ow2/asm/asm/5.0.4/asm-5.0.4.jar:/home/codespark/.m2/repository/junit/junit/4.12/junit-4.12.jar:/home/codespark/.m2/repository/org/assertj/assertj-core/3.11.1/assertj-core-3.11.1.jar:/home/codespark/.m2/repository/org/mockito/mockito-core/2.23.4/mockito-core-2.23.4.jar:/home/codespark/.m2/repository/net/bytebuddy/byte-buddy/1.9.12/byte-buddy-1.9.12.jar:/home/codespark/.m2/repository/net/bytebuddy/byte-buddy-agent/1.9.12/byte-buddy-agent-1.9.12.jar:/home/codespark/.m2/repository/org/objenesis/objenesis/2.6/objenesis-2.6.jar:/home/codespark/.m2/repository/org/hamcrest/hamcrest-core/1.3/hamcrest-core-1.3.jar:/home/codespark/.m2/repository/org/hamcrest/hamcrest-library/1.3/hamcrest-library-1.3.jar:/home/codespark/.m2/repository/org/skyscreamer/jsonassert/1.5.0/jsonassert-1.5.0.jar:/home/codespark/.m2/repository/com/vaadin/external/google/android-json/0.0.20131108.vaadin1/android-json-0.0.20131108.vaadin1.jar:/home/codespark/.m2/repository/org/springframework/spring-test/5.1.7.RELEASE/spring-test-5.1.7.RELEASE.jar:/home/codespark/.m2/repository/org/xmlunit/xmlunit-core/2.6.2/xmlunit-core-2.6.2.jar:/home/codespark/.m2/repository/org/springframework/boot/spring-boot-starter-aop/2.1.5.RELEASE/spring-boot-starter-aop-2.1.5.RELEASE.jar:/home/codespark/.m2/repository/org/springframework/spring-aop/5.1.7.RELEASE/spring-aop-5.1.7.RELEASE.jar:/home/codespark/.m2/repository/org/aspectj/aspectjweaver/1.9.4/aspectjweaver-1.9.4.jar:/home/codespark/.m2/repository/mysql/mysql-connector-java/8.0.16/mysql-connector-java-8.0.16.jar:/home/codespark/.m2/repository/org/mybatis/spring/boot/mybatis-spring-boot-starter/2.1.0/mybatis-spring-boot-starter-2.1.0.jar:/home/codespark/.m2/repository/org/springframework/boot/spring-boot-starter-jdbc/2.1.5.RELEASE/spring-boot-starter-jdbc-2.1.5.RELEASE.jar:/home/codespark/.m2/repository/com/zaxxer/HikariCP/3.2.0/HikariCP-3.2.0.jar:/home/codespark/.m2/repository/org/springframework/spring-jdbc/5.1.7.RELEASE/spring-jdbc-5.1.7.RELEASE.jar:/home/codespark/.m2/repository/org/springframework/spring-tx/5.1.7.RELEASE/spring-tx-5.1.7.RELEASE.jar:/home/codespark/.m2/repository/org/mybatis/spring/boot/mybatis-spring-boot-autoconfigure/2.1.0/mybatis-spring-boot-autoconfigure-2.1.0.jar:/home/codespark/.m2/repository/org/mybatis/mybatis/3.5.2/mybatis-3.5.2.jar:/home/codespark/.m2/repository/org/mybatis/mybatis-spring/2.0.2/mybatis-spring-2.0.2.jar:/home/codespark/.m2/repository/tk/mybatis/mapper-spring-boot-starter/2.1.5/mapper-spring-boot-starter-2.1.5.jar:/home/codespark/.m2/repository/tk/mybatis/mapper-core/1.1.5/mapper-core-1.1.5.jar:/home/codespark/.m2/repository/javax/persistence/persistence-api/1.0/persistence-api-1.0.jar:/home/codespark/.m2/repository/tk/mybatis/mapper-base/1.1.5/mapper-base-1.1.5.jar:/home/codespark/.m2/repository/tk/mybatis/mapper-weekend/1.1.5/mapper-weekend-1.1.5.jar:/home/codespark/.m2/repository/tk/mybatis/mapper-spring/1.1.5/mapper-spring-1.1.5.jar:/home/codespark/.m2/repository/tk/mybatis/mapper-extra/1.1.5/mapper-extra-1.1.5.jar:/home/codespark/.m2/repository/tk/mybatis/mapper-spring-boot-autoconfigure/2.1.5/mapper-spring-boot-autoconfigure-2.1.5.jar:/home/codespark/.m2/repository/commons-codec/commons-codec/1.11/commons-codec-1.11.jar:/home/codespark/.m2/repository/org/apache/commons/commons-lang3/3.4/commons-lang3-3.4.jar:/home/codespark/.m2/repository/commons-io/commons-io/1.3.2/commons-io-1.3.2.jar:/home/codespark/.m2/repository/io/springfox/springfox-swagger2/2.4.0/springfox-swagger2-2.4.0.jar:/home/codespark/.m2/repository/io/swagger/swagger-annotations/1.5.6/swagger-annotations-1.5.6.jar:/home/codespark/.m2/repository/io/swagger/swagger-models/1.5.6/swagger-models-1.5.6.jar:/home/codespark/.m2/repository/com/fasterxml/jackson/core/jackson-annotations/2.9.0/jackson-annotations-2.9.0.jar:/home/codespark/.m2/repository/io/springfox/springfox-spi/2.4.0/springfox-spi-2.4.0.jar:/home/codespark/.m2/repository/io/springfox/springfox-core/2.4.0/springfox-core-2.4.0.jar:/home/codespark/.m2/repository/io/springfox/springfox-schema/2.4.0/springfox-schema-2.4.0.jar:/home/codespark/.m2/repository/io/springfox/springfox-swagger-common/2.4.0/springfox-swagger-common-2.4.0.jar:/home/codespark/.m2/repository/io/springfox/springfox-spring-web/2.4.0/springfox-spring-web-2.4.0.jar:/home/codespark/.m2/repository/com/google/guava/guava/18.0/guava-18.0.jar:/home/codespark/.m2/repository/com/fasterxml/classmate/1.4.0/classmate-1.4.0.jar:/home/codespark/.m2/repository/org/slf4j/slf4j-api/1.7.26/slf4j-api-1.7.26.jar:/home/codespark/.m2/repository/org/springframework/plugin/spring-plugin-core/1.2.0.RELEASE/spring-plugin-core-1.2.0.RELEASE.jar:/home/codespark/.m2/repository/org/springframework/plugin/spring-plugin-metadata/1.2.0.RELEASE/spring-plugin-metadata-1.2.0.RELEASE.jar:/home/codespark/.m2/repository/io/springfox/springfox-swagger-ui/2.4.0/springfox-swagger-ui-2.4.0.jar:/home/codespark/.m2/repository/com/github/xiaoymin/swagger-bootstrap-ui/1.6/swagger-bootstrap-ui-1.6.jar:/home/codespark/.m2/repository/org/projectlombok/lombok/1.18.8/lombok-1.18.8.jar:"/>
    <property name="sun.cpu.endian" value="little"/>
    <property name="user.home" value="/home/codespark"/>
    <property name="user.language" value="en"/>
    <property name="java.specification.vendor" value="Oracle Corporation"/>
    <property name="java.home" value="/home/codespark/.jdks/adopt-openj9-1.8.0_252/jre"/>
    <property name="ibm.signalhandling.rs" value="false"/>
    <property name="file.separator" value="/"/>
    <property name="jdk.extensions.name" value="Extensions for OpenJDK for Eclipse OpenJ9"/>
    <property name="basedir" value="/home/codespark/IdeaProjects/foodie-shop/foodie-api"/>
    <property name="line.separator" value="&#10;"/>
    <property name="java.vm.specification.vendor" value="Oracle Corporation"/>
    <property name="java.specification.name" value="Java Platform API Specification"/>
    <property name="java.compiler" value="j9jit29"/>
    <property name="com.ibm.util.extralibs.properties" value=""/>
    <property name="sun.java.launcher.pid" value="7510"/>
    <property name="java.awt.graphicsenv" value="sun.awt.X11GraphicsEnvironment"/>
    <property name="idea.version2020.1.1" value="true"/>
    <property name="com.ibm.oti.configuration" value="scar"/>
    <property name="java.awt.fonts" value=""/>
    <property name="surefire.real.class.path" value="/home/codespark/IdeaProjects/foodie-shop/foodie-api/target/surefire/surefirebooter3305141046761253596.jar"/>
    <property name="com.ibm.oti.shared.enabled" value="false"/>
    <property name="sun.boot.class.path" value="/home/codespark/.jdks/adopt-openj9-1.8.0_252/jre/lib/amd64/compressedrefs/jclSC180/vm.jar:/home/codespark/.jdks/adopt-openj9-1.8.0_252/jre/lib/se-service.jar:/home/codespark/.jdks/adopt-openj9-1.8.0_252/jre/lib/rt.jar:/home/codespark/.jdks/adopt-openj9-1.8.0_252/jre/lib/resources.jar:/home/codespark/.jdks/adopt-openj9-1.8.0_252/jre/lib/jsse.jar:/home/codespark/.jdks/adopt-openj9-1.8.0_252/jre/lib/charsets.jar:/home/codespark/.jdks/adopt-openj9-1.8.0_252/jre/lib/jce.jar"/>
    <property name="com.ibm.oti.vm.bootstrap.library.path" value="/home/codespark/.jdks/adopt-openj9-1.8.0_252/jre/lib/amd64/compressedrefs:/home/codespark/.jdks/adopt-openj9-1.8.0_252/jre/lib/amd64"/>
    <property name="com.ibm.cpu.endian" value="little"/>
    <property name="java.fullversion" value="1.8.0_252-b09&#10;JRE 1.8.0 Linux amd64-64-Bit Compressed References 20200416_608 (JIT enabled, AOT enabled)&#10;OpenJ9   - 05fa2d361&#10;OMR      - d4365f371&#10;JCL      - cfa47e66cd5 based on jdk8u252-b09"/>
    <property name="java.runtime.version" value="1.8.0_252-b09"/>
    <property name="user.name" value="codespark"/>
    <property name="path.separator" value=":"/>
    <property name="os.version" value="5.3.0-51-generic"/>
    <property name="java.endorsed.dirs" value="/home/codespark/.jdks/adopt-openj9-1.8.0_252/jre/lib/endorsed"/>
    <property name="java.runtime.name" value="OpenJDK Runtime Environment"/>
    <property name="ibm.signalhandling.sigint" value="true"/>
    <property name="file.encoding" value="UTF-8"/>
    <property name="java.vm.name" value="Eclipse OpenJ9 VM"/>
    <property name="ibm.signalhandling.sigchain" value="true"/>
    <property name="localRepository" value="/home/codespark/.m2/repository"/>
    <property name="java.io.tmpdir" value="/tmp"/>
    <property name="java.version" value="1.8.0_252"/>
    <property name="com.ibm.system.agent.path" value="/home/codespark/.jdks/adopt-openj9-1.8.0_252/jre/lib/amd64"/>
    <property name="user.dir" value="/home/codespark/IdeaProjects/foodie-shop/foodie-api"/>
    <property name="os.arch" value="amd64"/>
    <property name="java.vm.specification.name" value="Java Virtual Machine Specification"/>
    <property name="java.awt.printerjob" value="sun.print.PSPrinterJob"/>
    <property name="os.encoding" value="UTF-8"/>
    <property name="java.library.path" value="/home/codespark/.jdks/adopt-openj9-1.8.0_252/jre/lib/amd64/compressedrefs:/home/codespark/.jdks/adopt-openj9-1.8.0_252/jre/lib/amd64:/usr/lib64:/usr/lib"/>
    <property name="java.vendor" value="Eclipse OpenJ9"/>
    <property name="java.vm.info" value="JRE 1.8.0 Linux amd64-64-Bit Compressed References 20200416_608 (JIT enabled, AOT enabled)&#10;OpenJ9   - 05fa2d361&#10;OMR      - d4365f371&#10;JCL      - cfa47e66cd5 based on jdk8u252-b09"/>
    <property name="java.vm.version" value="openj9-0.20.0"/>
    <property name="com.ibm.jcl.checkClassPath" value=""/>
    <property name="ibm.system.encoding" value="UTF-8"/>
    <property name="sun.io.unicode.encoding" value="UnicodeLittle"/>
    <property name="java.ext.dirs" value="/home/codespark/.jdks/adopt-openj9-1.8.0_252/jre/lib/ext"/>
    <property name="java.class.version" value="52.0"/>
  </properties>
  <testcase name="save" classname="com.wjw.impl.StuServiceImplTest" time="0.794"/>
  <testcase name="contextLoads" classname="com.wjw.impl.StuServiceImplTest" time="0"/>
</testsuite>